#
# There is insufficient memory for the Java Runtime Environment to continue.
# Native memory allocation (malloc) failed to allocate 2114416 bytes for Chunk::new
# Possible reasons:
#   The system is out of physical RAM or swap space
#   In 32 bit mode, the process size limit was hit
# Possible solutions:
#   Reduce memory load on the system
#   Increase physical memory or swap space
#   Check if swap backing store is full
#   Use 64 bit Java on a 64 bit OS
#   Decrease Java heap size (-Xmx/-Xms)
#   Decrease number of Java threads
#   Decrease Java thread stack sizes (-Xss)
#   Set larger code cache with -XX:ReservedCodeCacheSize=
# This output file may be truncated or incomplete.
#
#  Out of Memory Error (allocation.cpp:390), pid=11676, tid=6524
#
# JRE version: Java(TM) SE Runtime Environment (8.0_60-b27) (build 1.8.0_60-b27)
# Java VM: Java HotSpot(TM) 64-Bit Server VM (25.60-b23 mixed mode windows-amd64 compressed oops)
# Failed to write core dump. Minidumps are not enabled by default on client versions of Windows
#

---------------  T H R E A D  ---------------

Current thread (0x00000000174b1000):  JavaThread "C2 CompilerThread1" daemon [_thread_in_native, id=6524, stack(0x0000000018d20000,0x0000000018e20000)]

Stack: [0x0000000018d20000,0x0000000018e20000]
[error occurred during error reporting (printing stack bounds), id 0xc0000005]

Native frames: (J=compiled Java code, j=interpreted, Vv=VM code, C=native code)


Current CompileTask:
C2:  10228 2451       4       java.net.URLClassLoader$1::run (5 bytes)


---------------  P R O C E S S  ---------------

Java Threads: ( => current thread )
  0x000000001a499000 JavaThread "HikariPool-1 housekeeper" daemon [_thread_blocked, id=816, stack(0x000000001d680000,0x000000001d780000)]
  0x000000001a499800 JavaThread "mysql-cj-abandoned-connection-cleanup" daemon [_thread_blocked, id=3884, stack(0x000000001ce60000,0x000000001cf60000)]
  0x000000001908e800 JavaThread "surefire-forkedjvm-ping-30s" daemon [_thread_blocked, id=2912, stack(0x0000000019620000,0x0000000019720000)]
  0x000000001903a800 JavaThread "surefire-forkedjvm-command-thread" daemon [_thread_in_native, id=11552, stack(0x0000000019520000,0x0000000019620000)]
  0x0000000018f4f000 JavaThread "Service Thread" daemon [_thread_blocked, id=10212, stack(0x0000000019320000,0x0000000019420000)]
  0x00000000174b4800 JavaThread "C1 CompilerThread2" daemon [_thread_blocked, id=5560, stack(0x0000000018e20000,0x0000000018f20000)]
=>0x00000000174b1000 JavaThread "C2 CompilerThread1" daemon [_thread_in_native, id=6524, stack(0x0000000018d20000,0x0000000018e20000)]
  0x00000000174ae000 JavaThread "C2 CompilerThread0" daemon [_thread_blocked, id=2520, stack(0x0000000018c20000,0x0000000018d20000)]
  0x00000000174ad000 JavaThread "Attach Listener" daemon [_thread_blocked, id=10404, stack(0x0000000018b20000,0x0000000018c20000)]
  0x00000000174ac000 JavaThread "Signal Dispatcher" daemon [_thread_blocked, id=13164, stack(0x0000000018a20000,0x0000000018b20000)]
  0x0000000004e98000 JavaThread "Finalizer" daemon [_thread_blocked, id=14596, stack(0x0000000018720000,0x0000000018820000)]
  0x0000000004e8f800 JavaThread "Reference Handler" daemon [_thread_blocked, id=5136, stack(0x0000000018620000,0x0000000018720000)]
  0x00000000032be000 JavaThread "main" [_thread_in_vm_trans, id=11712, stack(0x0000000004ca0000,0x0000000004da0000)]

Other Threads:
  0x0000000017477000 VMThread [stack: 0x0000000018520000,0x0000000018620000] [id=13104]
  0x0000000018f81000 WatcherThread [stack: 0x0000000019420000,0x0000000019520000] [id=14412]

VM state:not at safepoint (normal execution)

VM Mutex/Monitor currently owned by a thread: None

Heap:
 PSYoungGen      total 71168K, used 33770K [0x00000000eb180000, 0x00000000efc80000, 0x0000000100000000)
  eden space 65536K, 51% used [0x00000000eb180000,0x00000000ed27aa30,0x00000000ef180000)
  from space 5632K, 0% used [0x00000000ef180000,0x00000000ef180000,0x00000000ef700000)
  to   space 5632K, 0% used [0x00000000ef700000,0x00000000ef700000,0x00000000efc80000)
 ParOldGen       total 31744K, used 9347K [0x00000000c1400000, 0x00000000c3300000, 0x00000000eb180000)
  object space 31744K, 29% used [0x00000000c1400000,0x00000000c1d20eb8,0x00000000c3300000)
 Metaspace       used 24839K, capacity 25760K, committed 25856K, reserved 1071104K
  class space    used 3116K, capacity 3306K, committed 3328K, reserved 1048576K

Card table byte_map: [0x0000000014260000,0x0000000014460000] byte_map_base: 0x0000000013c56000

Marking Bits: (ParMarkBitMap*) 0x000000005b36a5b0
 Begin Bits: [0x00000000149b0000, 0x0000000015960000)
 End Bits:   [0x0000000015960000, 0x0000000016910000)

Polling page: 0x0000000002d50000

CodeCache: size=245760Kb used=8960Kb max_used=8972Kb free=236799Kb
 bounds [0x0000000004ea0000, 0x0000000005770000, 0x0000000013ea0000]
 total_blobs=2898 nmethods=2478 adapters=332
 compilation: enabled

Compilation events (10 events):
Event: 10.202 Thread 0x00000000174b4800 nmethod 2518 0x00000000050cf1d0 code [0x00000000050cf340, 0x00000000050cf4a8]
Event: 10.202 Thread 0x00000000174b4800 2515       3       sun.misc.ProxyGenerator$ProxyMethod::codeUnwrapReturnValue (213 bytes)
Event: 10.207 Thread 0x00000000174ae000 nmethod 2528 0x00000000050cebd0 code [0x00000000050ced20, 0x00000000050cf038]
Event: 10.207 Thread 0x00000000174ae000 2526       4       java.lang.reflect.Method::copy (84 bytes)
Event: 10.211 Thread 0x00000000174b4800 nmethod 2515 0x0000000005765110 code [0x0000000005765700, 0x0000000005769398]
Event: 10.211 Thread 0x00000000174ae000 nmethod 2526 0x0000000004fc8c90 code [0x0000000004fc8de0, 0x0000000004fc8f78]
Event: 10.211 Thread 0x00000000174ae000 2527       4       java.lang.reflect.Method::<init> (68 bytes)
Event: 10.213 Thread 0x00000000174ae000 nmethod 2527 0x0000000004fd6550 code [0x0000000004fd6680, 0x0000000004fd6758]
Event: 10.213 Thread 0x00000000174ae000 2524       4       java.lang.AbstractStringBuilder::expandCapacity (50 bytes)
Event: 10.218 Thread 0x00000000174ae000 nmethod 2524 0x0000000005043b50 code [0x0000000005043ca0, 0x0000000005043f18]

GC Heap History (10 events):
Event: 5.670 GC heap before
{Heap before GC invocations=6 (full 0):
 PSYoungGen      total 18944K, used 18922K [0x00000000eb180000, 0x00000000edc80000, 0x0000000100000000)
  eden space 16384K, 99% used [0x00000000eb180000,0x00000000ec17d540,0x00000000ec180000)
  from space 2560K, 99% used [0x00000000ec180000,0x00000000ec3fd450,0x00000000ec400000)
  to   space 5632K, 0% used [0x00000000ed700000,0x00000000ed700000,0x00000000edc80000)
 ParOldGen       total 44032K, used 7201K [0x00000000c1400000, 0x00000000c3f00000, 0x00000000eb180000)
  object space 44032K, 16% used [0x00000000c1400000,0x00000000c1b084d0,0x00000000c3f00000)
 Metaspace       used 16038K, capacity 16576K, committed 16896K, reserved 1064960K
  class space    used 2040K, capacity 2180K, committed 2304K, reserved 1048576K
Event: 5.696 GC heap after
Heap after GC invocations=6 (full 0):
 PSYoungGen      total 38400K, used 2708K [0x00000000eb180000, 0x00000000edc80000, 0x0000000100000000)
  eden space 32768K, 0% used [0x00000000eb180000,0x00000000eb180000,0x00000000ed180000)
  from space 5632K, 48% used [0x00000000ed700000,0x00000000ed9a5338,0x00000000edc80000)
  to   space 5632K, 0% used [0x00000000ed180000,0x00000000ed180000,0x00000000ed700000)
 ParOldGen       total 44032K, used 7209K [0x00000000c1400000, 0x00000000c3f00000, 0x00000000eb180000)
  object space 44032K, 16% used [0x00000000c1400000,0x00000000c1b0a4d0,0x00000000c3f00000)
 Metaspace       used 16038K, capacity 16576K, committed 16896K, reserved 1064960K
  class space    used 2040K, capacity 2180K, committed 2304K, reserved 1048576K
}
Event: 6.315 GC heap before
{Heap before GC invocations=7 (full 0):
 PSYoungGen      total 38400K, used 35476K [0x00000000eb180000, 0x00000000edc80000, 0x0000000100000000)
  eden space 32768K, 100% used [0x00000000eb180000,0x00000000ed180000,0x00000000ed180000)
  from space 5632K, 48% used [0x00000000ed700000,0x00000000ed9a5338,0x00000000edc80000)
  to   space 5632K, 0% used [0x00000000ed180000,0x00000000ed180000,0x00000000ed700000)
 ParOldGen       total 44032K, used 7209K [0x00000000c1400000, 0x00000000c3f00000, 0x00000000eb180000)
  object space 44032K, 16% used [0x00000000c1400000,0x00000000c1b0a4d0,0x00000000c3f00000)
 Metaspace       used 17074K, capacity 17764K, committed 17920K, reserved 1064960K
  class space    used 2151K, capacity 2304K, committed 2304K, reserved 1048576K
Event: 6.330 GC heap after
Heap after GC invocations=7 (full 0):
 PSYoungGen      total 38400K, used 3445K [0x00000000eb180000, 0x00000000efc80000, 0x0000000100000000)
  eden space 32768K, 0% used [0x00000000eb180000,0x00000000eb180000,0x00000000ed180000)
  from space 5632K, 61% used [0x00000000ed180000,0x00000000ed4dd558,0x00000000ed700000)
  to   space 5632K, 0% used [0x00000000ef700000,0x00000000ef700000,0x00000000efc80000)
 ParOldGen       total 44032K, used 8199K [0x00000000c1400000, 0x00000000c3f00000, 0x00000000eb180000)
  object space 44032K, 18% used [0x00000000c1400000,0x00000000c1c01d08,0x00000000c3f00000)
 Metaspace       used 17074K, capacity 17764K, committed 17920K, reserved 1064960K
  class space    used 2151K, capacity 2304K, committed 2304K, reserved 1048576K
}
Event: 8.356 GC heap before
{Heap before GC invocations=8 (full 0):
 PSYoungGen      total 38400K, used 36213K [0x00000000eb180000, 0x00000000efc80000, 0x0000000100000000)
  eden space 32768K, 100% used [0x00000000eb180000,0x00000000ed180000,0x00000000ed180000)
  from space 5632K, 61% used [0x00000000ed180000,0x00000000ed4dd558,0x00000000ed700000)
  to   space 5632K, 0% used [0x00000000ef700000,0x00000000ef700000,0x00000000efc80000)
 ParOldGen       total 44032K, used 8199K [0x00000000c1400000, 0x00000000c3f00000, 0x00000000eb180000)
  object space 44032K, 18% used [0x00000000c1400000,0x00000000c1c01d08,0x00000000c3f00000)
 Metaspace       used 19645K, capacity 20512K, committed 20736K, reserved 1067008K
  class space    used 2502K, capacity 2690K, committed 2816K, reserved 1048576K
Event: 8.379 GC heap after
Heap after GC invocations=8 (full 0):
 PSYoungGen      total 71168K, used 5037K [0x00000000eb180000, 0x00000000efc80000, 0x0000000100000000)
  eden space 65536K, 0% used [0x00000000eb180000,0x00000000eb180000,0x00000000ef180000)
  from space 5632K, 89% used [0x00000000ef700000,0x00000000efbeb640,0x00000000efc80000)
  to   space 5632K, 0% used [0x00000000ef180000,0x00000000ef180000,0x00000000ef700000)
 ParOldGen       total 44032K, used 9037K [0x00000000c1400000, 0x00000000c3f00000, 0x00000000eb180000)
  object space 44032K, 20% used [0x00000000c1400000,0x00000000c1cd3558,0x00000000c3f00000)
 Metaspace       used 19645K, capacity 20512K, committed 20736K, reserved 1067008K
  class space    used 2502K, capacity 2690K, committed 2816K, reserved 1048576K
}
Event: 8.890 GC heap before
{Heap before GC invocations=9 (full 0):
 PSYoungGen      total 71168K, used 22900K [0x00000000eb180000, 0x00000000efc80000, 0x0000000100000000)
  eden space 65536K, 27% used [0x00000000eb180000,0x00000000ec2f1a00,0x00000000ef180000)
  from space 5632K, 89% used [0x00000000ef700000,0x00000000efbeb640,0x00000000efc80000)
  to   space 5632K, 0% used [0x00000000ef180000,0x00000000ef180000,0x00000000ef700000)
 ParOldGen       total 44032K, used 9037K [0x00000000c1400000, 0x00000000c3f00000, 0x00000000eb180000)
  object space 44032K, 20% used [0x00000000c1400000,0x00000000c1cd3558,0x00000000c3f00000)
 Metaspace       used 20335K, capacity 21194K, committed 21248K, reserved 1067008K
  class space    used 2592K, capacity 2779K, committed 2816K, reserved 1048576K
Event: 8.903 GC heap after
Heap after GC invocations=9 (full 0):
 PSYoungGen      total 71168K, used 3622K [0x00000000eb180000, 0x00000000efc80000, 0x0000000100000000)
  eden space 65536K, 0% used [0x00000000eb180000,0x00000000eb180000,0x00000000ef180000)
  from space 5632K, 64% used [0x00000000ef180000,0x00000000ef509a60,0x00000000ef700000)
  to   space 5632K, 0% used [0x00000000ef700000,0x00000000ef700000,0x00000000efc80000)
 ParOldGen       total 44032K, used 9659K [0x00000000c1400000, 0x00000000c3f00000, 0x00000000eb180000)
  object space 44032K, 21% used [0x00000000c1400000,0x00000000c1d6ed68,0x00000000c3f00000)
 Metaspace       used 20335K, capacity 21194K, committed 21248K, reserved 1067008K
  class space    used 2592K, capacity 2779K, committed 2816K, reserved 1048576K
}
Event: 8.903 GC heap before
{Heap before GC invocations=10 (full 1):
 PSYoungGen      total 71168K, used 3622K [0x00000000eb180000, 0x00000000efc80000, 0x0000000100000000)
  eden space 65536K, 0% used [0x00000000eb180000,0x00000000eb180000,0x00000000ef180000)
  from space 5632K, 64% used [0x00000000ef180000,0x00000000ef509a60,0x00000000ef700000)
  to   space 5632K, 0% used [0x00000000ef700000,0x00000000ef700000,0x00000000efc80000)
 ParOldGen       total 44032K, used 9659K [0x00000000c1400000, 0x00000000c3f00000, 0x00000000eb180000)
  object space 44032K, 21% used [0x00000000c1400000,0x00000000c1d6ed68,0x00000000c3f00000)
 Metaspace       used 20335K, capacity 21194K, committed 21248K, reserved 1067008K
  class space    used 2592K, capacity 2779K, committed 2816K, reserved 1048576K
Event: 9.040 GC heap after
Heap after GC invocations=10 (full 1):
 PSYoungGen      total 71168K, used 0K [0x00000000eb180000, 0x00000000efc80000, 0x0000000100000000)
  eden space 65536K, 0% used [0x00000000eb180000,0x00000000eb180000,0x00000000ef180000)
  from space 5632K, 0% used [0x00000000ef180000,0x00000000ef180000,0x00000000ef700000)
  to   space 5632K, 0% used [0x00000000ef700000,0x00000000ef700000,0x00000000efc80000)
 ParOldGen       total 31744K, used 9347K [0x00000000c1400000, 0x00000000c3300000, 0x00000000eb180000)
  object space 31744K, 29% used [0x00000000c1400000,0x00000000c1d20eb8,0x00000000c3300000)
 Metaspace       used 20335K, capacity 21194K, committed 21248K, reserved 1067008K
  class space    used 2592K, capacity 2779K, committed 2816K, reserved 1048576K
}

Deoptimization events (10 events):
Event: 8.811 Thread 0x00000000032be000 Uncommon trap: reason=bimorphic action=maybe_recompile pc=0x00000000052b3db8 method=java.util.concurrent.ConcurrentHashMap.putVal(Ljava/lang/Object;Ljava/lang/Object;Z)Ljava/lang/Object; @ 192
Event: 8.852 Thread 0x00000000032be000 Uncommon trap: reason=bimorphic action=maybe_recompile pc=0x00000000052b3db8 method=java.util.concurrent.ConcurrentHashMap.putVal(Ljava/lang/Object;Ljava/lang/Object;Z)Ljava/lang/Object; @ 192
Event: 8.852 Thread 0x00000000032be000 Uncommon trap: reason=unstable_if action=reinterpret pc=0x000000000568efd0 method=java.lang.Class.arrayContentsEq([Ljava/lang/Object;[Ljava/lang/Object;)Z @ 57
Event: 9.225 Thread 0x00000000032be000 Uncommon trap: reason=bimorphic action=maybe_recompile pc=0x00000000052b3db8 method=java.util.concurrent.ConcurrentHashMap.putVal(Ljava/lang/Object;Ljava/lang/Object;Z)Ljava/lang/Object; @ 192
Event: 9.688 Thread 0x00000000032be000 Uncommon trap: reason=bimorphic action=maybe_recompile pc=0x0000000005241a48 method=java.util.Properties$LineReader.readLine()I @ 62
Event: 9.689 Thread 0x00000000032be000 Uncommon trap: reason=bimorphic action=maybe_recompile pc=0x0000000005241a48 method=java.util.Properties$LineReader.readLine()I @ 62
Event: 9.689 Thread 0x00000000032be000 Uncommon trap: reason=class_check action=maybe_recompile pc=0x00000000052419d0 method=java.util.Properties$LineReader.readLine()I @ 410
Event: 9.689 Thread 0x00000000032be000 Uncommon trap: reason=bimorphic action=maybe_recompile pc=0x0000000005241a48 method=java.util.Properties$LineReader.readLine()I @ 62
Event: 10.126 Thread 0x00000000032be000 Uncommon trap: reason=unstable_if action=reinterpret pc=0x00000000052be74c method=java.lang.String.regionMatches(ZILjava/lang/String;II)Z @ 102
Event: 10.170 Thread 0x00000000032be000 Uncommon trap: reason=unstable_if action=reinterpret pc=0x0000000005679880 method=java.lang.reflect.Method.equals(Ljava/lang/Object;)Z @ 49

Internal exceptions (10 events):
Event: 9.381 Thread 0x00000000032be000 Exception <a 'java/lang/ClassNotFoundException': org/springframework/beans/factory/BeanFactoryAwareCustomizer> (0x00000000eb664f18) thrown at [C:\re\workspace\8-2-build-windows-amd64-cygwin\jdk8u60\4407\hotspot\src\share\vm\classfile\systemDictionary.cpp, Ÿ=ÏçtÃ"@
Event: 9.382 Thread 0x00000000032be000 Exception <a 'java/lang/ClassNotFoundException': org/springframework/beans/factory/AwareCustomizer> (0x00000000eb67a0b0) thrown at [C:\re\workspace\8-2-build-windows-amd64-cygwin\jdk8u60\4407\hotspot\src\share\vm\classfile\systemDictionary.cpp, line 210]
Event: 9.383 Thread 0x00000000032be000 Exception <a 'java/lang/ClassNotFoundException': org/springframework/beans/factory/BeanFactoryAwareCustomizer> (0x00000000eb690728) thrown at [C:\re\workspace\8-2-build-windows-amd64-cygwin\jdk8u60\4407\hotspot\src\share\vm\classfile\systemDictionary.cpp, ¯ÂõƒÄ"@
Event: 9.384 Thread 0x00000000032be000 Exception <a 'java/lang/ClassNotFoundException': org/springframework/beans/factory/AwareCustomizer> (0x00000000eb6a58c0) thrown at [C:\re\workspace\8-2-build-windows-amd64-cygwin\jdk8u60\4407\hotspot\src\share\vm\classfile\systemDictionary.cpp, line 210]
Event: 10.172 Thread 0x00000000032be000 Exception <a 'java/lang/ClassNotFoundException': java/lang/ObjectCustomizer> (0x00000000ecff3b20) thrown at [C:\re\workspace\8-2-build-windows-amd64-cygwin\jdk8u60\4407\hotspot\src\share\vm\classfile\systemDictionary.cpp, line 210]
Event: 10.173 Thread 0x00000000032be000 Exception <a 'java/lang/ClassNotFoundException': org/springframework/orm/jpa/vendor/AbstractJpaVendorAdapterCustomizer> (0x00000000ed00fc80) thrown at [C:\re\workspace\8-2-build-windows-amd64-cygwin\jdk8u60\4407\hotspot\src\share\vm\classfile\systemDiction
Event: 10.176 Thread 0x00000000032be000 Exception <a 'java/lang/ClassNotFoundException': org/springframework/orm/jpa/vendor/HibernateJpaVendorAdapterCustomizer> (0x00000000ed0389f8) thrown at [C:\re\workspace\8-2-build-windows-amd64-cygwin\jdk8u60\4407\hotspot\src\share\vm\classfile\systemDictioÝÌ`â[$@
Event: 10.179 Thread 0x00000000032be000 Exception <a 'java/lang/ClassNotFoundException': org/springframework/orm/jpa/JpaVendorAdapterCustomizer> (0x00000000ed074bf8) thrown at [C:\re\workspace\8-2-build-windows-amd64-cygwin\jdk8u60\4407\hotspot\src\share\vm\classfile\systemDictionary.cpp, line 2ß‹J`$@
Event: 10.188 Thread 0x00000000032be000 Exception <a 'java/lang/ClassNotFoundException': java/lang/ObjectCustomizer> (0x00000000ed0b59d8) thrown at [C:\re\workspace\8-2-build-windows-amd64-cygwin\jdk8u60\4407\hotspot\src\share\vm\classfile\systemDictionary.cpp, line 210]
Event: 10.189 Thread 0x00000000032be000 Exception <a 'java/lang/ClassNotFoundException': org/springframework/boot/orm/jpa/EntityManagerFactoryBuilderCustomizer> (0x00000000ed0d1ac0) thrown at [C:\re\workspace\8-2-build-windows-amd64-cygwin\jdk8u60\4407\hotspot\src\share\vm\classfile\systemDictioûSnpãÂ"@

Events (10 events):
Event: 10.211 loading class org/springframework/jdbc/UncategorizedSQLException
Event: 10.211 loading class org/springframework/jdbc/UncategorizedSQLException done
Event: 10.212 loading class org/springframework/jdbc/SQLWarningException
Event: 10.212 loading class org/springframework/jdbc/SQLWarningException done
Event: 10.213 loading class org/springframework/boot/jdbc/EmbeddedDatabaseConnection$IsEmbedded
Event: 10.213 loading class org/springframework/boot/jdbc/EmbeddedDatabaseConnection$IsEmbedded done
Event: 10.214 loading class org/springframework/jdbc/datasource/ConnectionProxy
Event: 10.214 loading class org/springframework/jdbc/datasource/ConnectionProxy done
Event: 10.215 loading class org/springframework/jdbc/core/JdbcTemplate$CloseSuppressingInvocationHandler
Event: 10.215 loading class org/springframework/jdbc/core/JdbcTemplate$CloseSuppressingInvocationHandler done


Dynamic libraries:
0x00007ff6b1630000 - 0x00007ff6b1667000 	C:\Program Files\Java\jdk1.8.0_60\jre\bin\java.exe
0x00007fff815a0000 - 0x00007fff81780000 	C:\WINDOWS\SYSTEM32\ntdll.dll
0x00007fff7eb20000 - 0x00007fff7ebce000 	C:\WINDOWS\System32\KERNEL32.DLL
0x00007fff7e6d0000 - 0x00007fff7e936000 	C:\WINDOWS\System32\KERNELBASE.dll
0x00007fff7f220000 - 0x00007fff7f2c1000 	C:\WINDOWS\System32\ADVAPI32.dll
0x00007fff81190000 - 0x00007fff8122d000 	C:\WINDOWS\System32\msvcrt.dll
0x00007fff80960000 - 0x00007fff809bb000 	C:\WINDOWS\System32\sechost.dll
0x00007fff7f100000 - 0x00007fff7f21f000 	C:\WINDOWS\System32\RPCRT4.dll
0x00007fff813d0000 - 0x00007fff8155f000 	C:\WINDOWS\System32\USER32.dll
0x00007fff7e6b0000 - 0x00007fff7e6d0000 	C:\WINDOWS\System32\win32u.dll
0x00007fff7ec70000 - 0x00007fff7ec98000 	C:\WINDOWS\System32\GDI32.dll
0x00007fff7da40000 - 0x00007fff7dbd3000 	C:\WINDOWS\System32\gdi32full.dll
0x00007fff7d9a0000 - 0x00007fff7da3b000 	C:\WINDOWS\System32\msvcp_win.dll
0x00007fff7e5b0000 - 0x00007fff7e6a6000 	C:\WINDOWS\System32\ucrtbase.dll
0x00007fff6f690000 - 0x00007fff6f8f9000 	C:\WINDOWS\WinSxS\amd64_microsoft.windows.common-controls_6595b64144ccf1df_6.0.16299.492_none_15c8d3609364b9b0\COMCTL32.dll
0x00007fff80b30000 - 0x00007fff80e37000 	C:\WINDOWS\System32\combase.dll
0x00007fff7e9f0000 - 0x00007fff7ea62000 	C:\WINDOWS\System32\bcryptPrimitives.dll
0x00007fff813a0000 - 0x00007fff813cd000 	C:\WINDOWS\System32\IMM32.DLL
0x000000005a990000 - 0x000000005aa62000 	C:\Program Files\Java\jdk1.8.0_60\jre\bin\msvcr100.dll
0x000000005ab60000 - 0x000000005b3e9000 	C:\Program Files\Java\jdk1.8.0_60\jre\bin\server\jvm.dll
0x00007fff7f0f0000 - 0x00007fff7f0f8000 	C:\WINDOWS\System32\PSAPI.DLL
0x00007fff7a830000 - 0x00007fff7a853000 	C:\WINDOWS\SYSTEM32\WINMM.dll
0x00007fff6fdf0000 - 0x00007fff6fdfa000 	C:\WINDOWS\SYSTEM32\VERSION.dll
0x00007fff70210000 - 0x00007fff70219000 	C:\WINDOWS\SYSTEM32\WSOCK32.dll
0x00007fff80890000 - 0x00007fff808fc000 	C:\WINDOWS\System32\WS2_32.dll
0x00007fff7a800000 - 0x00007fff7a82a000 	C:\WINDOWS\SYSTEM32\WINMMBASE.dll
0x00007fff7dbe0000 - 0x00007fff7dc2a000 	C:\WINDOWS\System32\cfgmgr32.dll
0x000000005ab50000 - 0x000000005ab5f000 	C:\Program Files\Java\jdk1.8.0_60\jre\bin\verify.dll
0x000000005ab20000 - 0x000000005ab49000 	C:\Program Files\Java\jdk1.8.0_60\jre\bin\java.dll
0x000000005ab00000 - 0x000000005ab16000 	C:\Program Files\Java\jdk1.8.0_60\jre\bin\zip.dll
0x00007fff7f330000 - 0x00007fff80768000 	C:\WINDOWS\System32\SHELL32.dll
0x00007fff7ea70000 - 0x00007fff7eb16000 	C:\WINDOWS\System32\shcore.dll
0x00007fff7de60000 - 0x00007fff7e5a7000 	C:\WINDOWS\System32\windows.storage.dll
0x00007fff80e40000 - 0x00007fff80e91000 	C:\WINDOWS\System32\shlwapi.dll
0x00007fff7d930000 - 0x00007fff7d941000 	C:\WINDOWS\System32\kernel.appcore.dll
0x00007fff7d950000 - 0x00007fff7d99c000 	C:\WINDOWS\System32\powrprof.dll
0x00007fff7d910000 - 0x00007fff7d92b000 	C:\WINDOWS\System32\profapi.dll
0x000000005aa70000 - 0x000000005aa7d000 	C:\Program Files\Java\jdk1.8.0_60\jre\bin\management.dll
0x000000005aae0000 - 0x000000005aafa000 	C:\Program Files\Java\jdk1.8.0_60\jre\bin\net.dll
0x00007fff7d120000 - 0x00007fff7d186000 	C:\WINDOWS\system32\mswsock.dll
0x000000005aac0000 - 0x000000005aad1000 	C:\Program Files\Java\jdk1.8.0_60\jre\bin\nio.dll
0x00007fff68da0000 - 0x00007fff68db6000 	C:\WINDOWS\system32\napinsp.dll
0x00007fff68d80000 - 0x00007fff68d9a000 	C:\WINDOWS\system32\pnrpnsp.dll
0x00007fff7a7e0000 - 0x00007fff7a7f8000 	C:\WINDOWS\system32\NLAapi.dll
0x00007fff7cef0000 - 0x00007fff7cfa6000 	C:\WINDOWS\SYSTEM32\DNSAPI.dll
0x00007fff81560000 - 0x00007fff81568000 	C:\WINDOWS\System32\NSI.dll
0x00007fff7ceb0000 - 0x00007fff7cee9000 	C:\WINDOWS\SYSTEM32\IPHLPAPI.DLL
0x00007fff68d10000 - 0x00007fff68d1e000 	C:\WINDOWS\System32\winrnr.dll
0x00007fff6da50000 - 0x00007fff6da65000 	C:\WINDOWS\System32\wshbth.dll
0x000000005c030000 - 0x000000005c056000 	C:\Program Files\Bonjour\mdnsNSP.dll
0x00007fff74390000 - 0x00007fff7439a000 	C:\Windows\System32\rasadhlp.dll
0x00007fff754f0000 - 0x00007fff75560000 	C:\WINDOWS\System32\fwpuclnt.dll
0x00007fff7d3f0000 - 0x00007fff7d415000 	C:\WINDOWS\SYSTEM32\bcrypt.dll

VM Arguments:
java_command: C:\Users\WIGNER~1\AppData\Local\Temp\surefire2260399820084453872\surefirebooter9001297338872834679.jar C:\Users\wigner fernades\AppData\Local\Temp\surefire2260399820084453872 2019-08-08T15-23-55_230-jvmRun1 surefire8914928496168886131tmp surefire_07884319270945927409tmp
java_class_path (initial): C:\Users\WIGNER~1\AppData\Local\Temp\surefire2260399820084453872\surefirebooter9001297338872834679.jar
Launcher Type: SUN_STANDARD

Environment Variables:
JAVA_HOME=C:\Program Files\Java\jdk1.8.0_221
PATH=C:/Program Files/Java/jdk1.8.0_60/jre/bin/server;C:/Program Files/Java/jdk1.8.0_60/jre/bin;C:/Program Files/Java/jdk1.8.0_60/jre/lib/amd64;C:\Program Files (x86)\Common Files\Oracle\Java\javapath;C:\ProgramData\Oracle\Java\javapath;C:\Program Files (x86)\Intel\iCLS Client\;C:\Program Files\Intel\iCLS Client\;C:\WINDOWS\system32;C:\WINDOWS;C:\WINDOWS\System32\Wbem;C:\WINDOWS\System32\WindowsPowerShell\v1.0\;C:\Program Files\Intel\Intel(R) Management Engine Components\DAL;C:\Program Files\Intel\Intel(R) Management Engine Components\IPT;C:\Program Files (x86)\Intel\Intel(R) Management Engine Components\DAL;C:\Program Files (x86)\Intel\Intel(R) Management Engine Components\IPT;C:\Program Files\Samsung\AllShare Framework DMS\1.3.23\;C:\Program Files\Samsung\AllShare Framework DMS\1.3.23\64bit\;C:\Program Files\Intel\WiFi\bin\;C:\Program Files\Common Files\Intel\WirelessCommon\;C:\Program Files\Microsoft SQL Server\Client SDK\ODBC\110\Tools\Binn\;C:\Program Files (x86)\Microsoft SQL Server\120\Tools\Binn\ManagementStudio\;C:\Program Files (x86)\Microsoft SQL Server\120\Tools\Binn\;C:\Program Files\Microsoft SQL Server\120\Tools\Binn\;C:\Program Files (x86)\Microsoft SQL Server\120\DTS\Binn\;C:\Program Files\Microsoft SQL Server\120\DTS\Binn\;C:\Maven3.3.9\apache-maven-3.3.9-bin\apache-maven-3.3.9\bin;C:\Program Files\Java\jdk1.7.0_79\bin;C:\Program Files\Java\jdk1.8.0_221bin;C:\Program Files\MySQL\MySQL Shell 8.0\bin\;C:\Users\wigner fernades\Documents\sts-bundle\sts-3.9.9.RELEASE;
USERNAME=wigner
OS=Windows_NT
PROCESSOR_IDENTIFIER=Intel64 Family 6 Model 69 Stepping 1, GenuineIntel



---------------  S Y S T E M  ---------------

OS: Windows 10.0 , 64 bit Build 16299 (10.0.16299.431)

CPU:total 4 (2 cores per cpu, 2 threads per core) family 6 model 69 stepping 1, cmov, cx8, fxsr, mmx, sse, sse2, sse3, ssse3, sse4.1, sse4.2, popcnt, avx, avx2, aes, clmul, erms, lzcnt, ht, tsc, tscinvbit, bmi1, bmi2

Memory: 4k page, physical 4107052k(357932k free), swap 8400696k(4120k free)

vm_info: Java HotSpot(TM) 64-Bit Server VM (25.60-b23) for windows-amd64 JRE (1.8.0_60-b27), built on Aug  4 2015 11:06:27 by "java_re" with MS VC++ 10.0 (VS2010)

time: Thu Aug 08 15:24:07 2019
elapsed time: 10 seconds (0d 0h 0m 10s)

