#
# There is insufficient memory for the Java Runtime Environment to continue.
# Native memory allocation (malloc) failed to allocate 1048576 bytes for AllocateHeap
# Possible reasons:
#   The system is out of physical RAM or swap space
#   The process is running with CompressedOops enabled, and the Java Heap may be blocking the growth of the native heap
# Possible solutions:
#   Reduce memory load on the system
#   Increase physical memory or swap space
#   Check if swap backing store is full
#   Decrease Java heap size (-Xmx/-Xms)
#   Decrease number of Java threads
#   Decrease Java thread stack sizes (-Xss)
#   Set larger code cache with -XX:ReservedCodeCacheSize=
#   JVM is running with Unscaled Compressed Oops mode in which the Java heap is
#     placed in the first 4GB address space. The Java Heap base address is the
#     maximum limit for the native heap growth. Please use -XX:HeapBaseMinAddress
#     to set the Java Heap base and to place the Java Heap above 4GB virtual address.
# This output file may be truncated or incomplete.
#
#  Out of Memory Error (memory/allocation.inline.hpp:61), pid=8360, tid=0x00000000000026ec
#
# JRE version:  (8.0_221-b11) (build )
# Java VM: Java HotSpot(TM) 64-Bit Server VM (25.221-b11 mixed mode windows-amd64 compressed oops)
# Failed to write core dump. Minidumps are not enabled by default on client versions of Windows
#

---------------  T H R E A D  ---------------

Current thread (0x00000000046e2800):  JavaThread "Unknown thread" [_thread_in_vm, id=9964, stack(0x0000000004530000,0x0000000004630000)]

Stack: [0x0000000004530000,0x0000000004630000]
[error occurred during error reporting (printing stack bounds), id 0xc0000005]

Native frames: (J=compiled Java code, j=interpreted, Vv=VM code, C=native code)


---------------  P R O C E S S  ---------------

Java Threads: ( => current thread )

Other Threads:

=>0x00000000046e2800 (exited) JavaThread "Unknown thread" [_thread_in_vm, id=9964, stack(0x0000000004530000,0x0000000004630000)]

VM state:not at safepoint (normal execution)

VM Mutex/Monitor currently owned by a thread: None

heap address: 0x00000000c1400000, size: 1004 MB, Compressed Oops mode: 32-bit
Narrow klass base: 0x0000000000000000, Narrow klass shift: 3
Compressed class space size: 1073741824 Address: 0x0000000100000000

Heap:
 PSYoungGen      total 18944K, used 327K [0x00000000eb180000, 0x00000000ec680000, 0x0000000100000000)
  eden space 16384K, 2% used [0x00000000eb180000,0x00000000eb1d1ec8,0x00000000ec180000)
  from space 2560K, 0% used [0x00000000ec400000,0x00000000ec400000,0x00000000ec680000)
  to   space 2560K, 0% used [0x00000000ec180000,0x00000000ec180000,0x00000000ec400000)
 ParOldGen       total 44032K, used 0K [0x00000000c1400000, 0x00000000c3f00000, 0x00000000eb180000)
  object space 44032K, 0% used [0x00000000c1400000,0x00000000c1400000,0x00000000c3f00000)
 Metaspace       used 776K, capacity 4480K, committed 4480K, reserved 1056768K
  class space    used 76K, capacity 384K, committed 384K, reserved 1048576K

Card table byte_map: [0x0000000013ba0000,0x0000000013da0000] byte_map_base: 0x0000000013596000

Marking Bits: (ParMarkBitMap*) 0x000000005a905ce0
 Begin Bits: [0x00000000142f0000, 0x00000000152a0000)
 End Bits:   [0x00000000152a0000, 0x0000000016250000)

Polling page: 0x0000000004490000

CodeCache: size=245760Kb used=328Kb max_used=328Kb free=245431Kb
 bounds [0x00000000047e0000, 0x0000000004a50000, 0x00000000137e0000]
 total_blobs=58 nmethods=0 adapters=38
 compilation: enabled

Compilation events (0 events):
No events

GC Heap History (0 events):
No events

Deoptimization events (0 events):
No events

Classes redefined (0 events):
No events

Internal exceptions (0 events):
No events

Events (10 events):
Event: 0.146 loading class java/lang/Short
Event: 0.147 loading class java/lang/Short done
Event: 0.147 loading class java/lang/Integer
Event: 0.147 loading class java/lang/Integer done
Event: 0.147 loading class java/lang/Long
Event: 0.148 loading class java/lang/Long done
Event: 0.150 loading class java/lang/NullPointerException
Event: 0.150 loading class java/lang/NullPointerException done
Event: 0.150 loading class java/lang/ArithmeticException
Event: 0.150 loading class java/lang/ArithmeticException done


Dynamic libraries:
0x00007ff760b20000 - 0x00007ff760b57000 	C:\Program Files\Java\jdk1.8.0_221\bin\java.exe
0x00007fff815a0000 - 0x00007fff81780000 	C:\WINDOWS\SYSTEM32\ntdll.dll
0x00007fff7eb20000 - 0x00007fff7ebce000 	C:\WINDOWS\System32\KERNEL32.DLL
0x00007fff7e6d0000 - 0x00007fff7e936000 	C:\WINDOWS\System32\KERNELBASE.dll
0x00007fff7f220000 - 0x00007fff7f2c1000 	C:\WINDOWS\System32\ADVAPI32.dll
0x00007fff81190000 - 0x00007fff8122d000 	C:\WINDOWS\System32\msvcrt.dll
0x00007fff80960000 - 0x00007fff809bb000 	C:\WINDOWS\System32\sechost.dll
0x00007fff7f100000 - 0x00007fff7f21f000 	C:\WINDOWS\System32\RPCRT4.dll
0x00007fff813d0000 - 0x00007fff8155f000 	C:\WINDOWS\System32\USER32.dll
0x00007fff7e6b0000 - 0x00007fff7e6d0000 	C:\WINDOWS\System32\win32u.dll
0x00007fff7ec70000 - 0x00007fff7ec98000 	C:\WINDOWS\System32\GDI32.dll
0x00007fff7da40000 - 0x00007fff7dbd3000 	C:\WINDOWS\System32\gdi32full.dll
0x00007fff7d9a0000 - 0x00007fff7da3b000 	C:\WINDOWS\System32\msvcp_win.dll
0x00007fff7e5b0000 - 0x00007fff7e6a6000 	C:\WINDOWS\System32\ucrtbase.dll
0x00007fff6f690000 - 0x00007fff6f8f9000 	C:\WINDOWS\WinSxS\amd64_microsoft.windows.common-controls_6595b64144ccf1df_6.0.16299.492_none_15c8d3609364b9b0\COMCTL32.dll
0x00007fff80b30000 - 0x00007fff80e37000 	C:\WINDOWS\System32\combase.dll
0x00007fff7e9f0000 - 0x00007fff7ea62000 	C:\WINDOWS\System32\bcryptPrimitives.dll
0x00007fff813a0000 - 0x00007fff813cd000 	C:\WINDOWS\System32\IMM32.DLL
0x000000005a990000 - 0x000000005aa62000 	C:\Program Files\Java\jdk1.8.0_221\jre\bin\msvcr100.dll
0x000000005a0e0000 - 0x000000005a985000 	C:\Program Files\Java\jdk1.8.0_221\jre\bin\server\jvm.dll
0x00007fff7f0f0000 - 0x00007fff7f0f8000 	C:\WINDOWS\System32\PSAPI.DLL
0x00007fff7a830000 - 0x00007fff7a853000 	C:\WINDOWS\SYSTEM32\WINMM.dll
0x00007fff70210000 - 0x00007fff70219000 	C:\WINDOWS\SYSTEM32\WSOCK32.dll
0x00007fff6fdf0000 - 0x00007fff6fdfa000 	C:\WINDOWS\SYSTEM32\VERSION.dll
0x00007fff80890000 - 0x00007fff808fc000 	C:\WINDOWS\System32\WS2_32.dll
0x00007fff7a800000 - 0x00007fff7a82a000 	C:\WINDOWS\SYSTEM32\winmmbase.dll
0x00007fff7dbe0000 - 0x00007fff7dc2a000 	C:\WINDOWS\System32\cfgmgr32.dll
0x00007fff7a9c0000 - 0x00007fff7a9cf000 	C:\Program Files\Java\jdk1.8.0_221\jre\bin\verify.dll
0x00007fff6d7a0000 - 0x00007fff6d7c9000 	C:\Program Files\Java\jdk1.8.0_221\jre\bin\java.dll
0x00007fff72e20000 - 0x00007fff72e36000 	C:\Program Files\Java\jdk1.8.0_221\jre\bin\zip.dll

VM Arguments:
jvm_args: -Dclassworlds.conf=C:/Maven3.3.9/apache-maven-3.3.9-bin/apache-maven-3.3.9/bin/m2.conf -Dmaven.home=C:/Maven3.3.9/apache-maven-3.3.9-bin/apache-maven-3.3.9 -Dmaven.multiModuleProjectDirectory=C:/Users/wigner fernades/Documents/workspace-sts-3.9.9.RELEASE/MeuPrimeiroProjeto 
java_command: org.codehaus.plexus.classworlds.launcher.Launcher eclipse:eclipse
java_class_path (initial): C:/Maven3.3.9/apache-maven-3.3.9-bin/apache-maven-3.3.9/boot/plexus-classworlds-2.5.2.jar
Launcher Type: SUN_STANDARD

Environment Variables:
JAVA_HOME=C:/Program Files/Java/jdk1.8.0_221
PATH=C:\Users\wigner fernades\bin;C:\Program Files\Git\mingw64\bin;C:\Program Files\Git\usr\local\bin;C:\Program Files\Git\usr\bin;C:\Program Files\Git\usr\bin;C:\Program Files\Git\mingw64\bin;C:\Program Files\Git\usr\bin;C:\Users\wigner fernades\bin;C:\Program Files (x86)\Common Files\Oracle\Java\javapath;C:\ProgramData\Oracle\Java\javapath;C:\Program Files (x86)\Intel\iCLS Client;C:\Program Files\Intel\iCLS Client;C:\WINDOWS\system32;C:\WINDOWS;C:\WINDOWS\System32\Wbem;C:\WINDOWS\System32\WindowsPowerShell\v1.0;C:\Program Files\Intel\Intel(R) Management Engine Components\DAL;C:\Program Files\Intel\Intel(R) Management Engine Components\IPT;C:\Program Files (x86)\Intel\Intel(R) Management Engine Components\DAL;C:\Program Files (x86)\Intel\Intel(R) Management Engine Components\IPT;C:\Program Files\Samsung\AllShare Framework DMS\1.3.23;C:\Program Files\Samsung\AllShare Framework DMS\1.3.23\64bit;C:\Program Files\Intel\WiFi\bin;C:\Program Files\Common Files\Intel\WirelessCommon;C:\Program Files\Microsoft SQL Server\Client SDK\ODBC\110\Tools\Binn;C:\Program Files (x86)\Microsoft SQL Server\120\Tools\Binn\ManagementStudio;C:\Program Files (x86)\Microsoft SQL Server\120\Tools\Binn;C:\Program Files\Microsoft SQL Server\120\Tools\Binn;C:\Program Files (x86)\Microsoft SQL Server\120\DTS\Binn;C:\Program Files\Microsoft SQL Server\120\DTS\Binn;C:\Maven3.3.9\apache-maven-3.3.9-bin\apache-maven-3.3.9\bin;C:\Program Files\Java\jdk1.7.0_79\bin;C:\Program Files\Java\jdk1.8.0_221bin;C:\Program Files\MySQL\MySQL Shell 8.0\bin;C:\Program Files\Git\usr\bin\vendor_perl;C:\Program Files\Git\usr\bin\core_perl
USERNAME=wigner
SHELL=C:\Program Files\Git\usr\bin\bash
DISPLAY=needs-to-be-defined
OS=Windows_NT
PROCESSOR_IDENTIFIER=Intel64 Family 6 Model 69 Stepping 1, GenuineIntel



---------------  S Y S T E M  ---------------

OS: Windows 10.0 , 64 bit Build 16299 (10.0.16299.431)

CPU:total 4 (initial active 4) (2 cores per cpu, 2 threads per core) family 6 model 69 stepping 1, cmov, cx8, fxsr, mmx, sse, sse2, sse3, ssse3, sse4.1, sse4.2, popcnt, avx, avx2, aes, clmul, erms, lzcnt, ht, tsc, tscinvbit, bmi1, bmi2

Memory: 4k page, physical 4107052k(632348k free), swap 8400696k(5120k free)

vm_info: Java HotSpot(TM) 64-Bit Server VM (25.221-b11) for windows-amd64 JRE (1.8.0_221-b11), built on Jul  4 2019 04:39:29 by "java_re" with MS VC++ 10.0 (VS2010)

time: Thu Aug 08 15:37:07 2019
timezone: Hora oficial do Brasil
elapsed time: 0 seconds (0d 0h 0m 0s)

