#
# There is insufficient memory for the Java Runtime Environment to continue.
# Native memory allocation (malloc) failed to allocate 1050176 bytes for Chunk::new
# Possible reasons:
#   The system is out of physical RAM or swap space
#   The process is running with CompressedOops enabled, and the Java Heap may be blocking the growth of the native heap
# Possible solutions:
#   Reduce memory load on the system
#   Increase physical memory or swap space
#   Check if swap backing store is full
#   Decrease Java heap size (-Xmx/-Xms)
#   Decrease number of Java threads
#   Decrease Java thread stack sizes (-Xss)
#   Set larger code cache with -XX:ReservedCodeCacheSize=
#   JVM is running with Unscaled Compressed Oops mode in which the Java heap is
#     placed in the first 4GB address space. The Java Heap base address is the
#     maximum limit for the native heap growth. Please use -XX:HeapBaseMinAddress
#     to set the Java Heap base and to place the Java Heap above 4GB virtual address.
# This output file may be truncated or incomplete.
#
#  Out of Memory Error (allocation.cpp:389), pid=12096, tid=0x00000000000008b8
#
# JRE version: Java(TM) SE Runtime Environment (8.0_221-b11) (build 1.8.0_221-b11)
# Java VM: Java HotSpot(TM) 64-Bit Server VM (25.221-b11 mixed mode windows-amd64 compressed oops)
# Failed to write core dump. Minidumps are not enabled by default on client versions of Windows
#

---------------  T H R E A D  ---------------

Current thread (0x0000000017355800):  JavaThread "C2 CompilerThread1" daemon [_thread_in_native, id=2232, stack(0x0000000018be0000,0x0000000018ce0000)]

Stack: [0x0000000018be0000,0x0000000018ce0000]
[error occurred during error reporting (printing stack bounds), id 0xc0000005]

Native frames: (J=compiled Java code, j=interpreted, Vv=VM code, C=native code)


Current CompileTask:
C2:  10909 3444       4       org.apache.maven.model.io.xpp3.MavenXpp3ReaderEx::parseDependency (750 bytes)


---------------  P R O C E S S  ---------------

Java Threads: ( => current thread )
  0x0000000018e08800 JavaThread "Service Thread" daemon [_thread_blocked, id=11556, stack(0x00000000191e0000,0x00000000192e0000)]
  0x000000001735a800 JavaThread "C1 CompilerThread2" daemon [_thread_blocked, id=12896, stack(0x0000000018ce0000,0x0000000018de0000)]
=>0x0000000017355800 JavaThread "C2 CompilerThread1" daemon [_thread_in_native, id=2232, stack(0x0000000018be0000,0x0000000018ce0000)]
  0x0000000017351800 JavaThread "C2 CompilerThread0" daemon [_thread_blocked, id=10840, stack(0x0000000018ae0000,0x0000000018be0000)]
  0x000000001734f000 JavaThread "Attach Listener" daemon [_thread_blocked, id=9556, stack(0x00000000189e0000,0x0000000018ae0000)]
  0x000000001734e000 JavaThread "Signal Dispatcher" daemon [_thread_blocked, id=14972, stack(0x00000000188e0000,0x00000000189e0000)]
  0x0000000004c9c000 JavaThread "Finalizer" daemon [_thread_blocked, id=10036, stack(0x00000000185e0000,0x00000000186e0000)]
  0x0000000004c93000 JavaThread "Reference Handler" daemon [_thread_blocked, id=15120, stack(0x00000000184e0000,0x00000000185e0000)]
  0x0000000004ba2800 JavaThread "main" [_thread_blocked, id=5168, stack(0x00000000032c0000,0x00000000033c0000)]

Other Threads:
  0x0000000017317800 VMThread [stack: 0x00000000183e0000,0x00000000184e0000] [id=11964]
  0x00000000173ae800 WatcherThread [stack: 0x00000000192e0000,0x00000000193e0000] [id=640]

VM state:at safepoint (normal execution)

VM Mutex/Monitor currently owned by a thread:  ([mutex/lock_event])
[0x0000000004d3ddc0] Threads_lock - owner thread: 0x0000000017317800
[0x0000000004d3e3c0] Heap_lock - owner thread: 0x0000000004ba2800

heap address: 0x00000000c1400000, size: 1004 MB, Compressed Oops mode: 32-bit
Narrow klass base: 0x0000000000000000, Narrow klass shift: 3
Compressed class space size: 1073741824 Address: 0x0000000100000000

Heap:
 PSYoungGen      total 35328K, used 2560K [0x00000000eb180000, 0x00000000ed680000, 0x0000000100000000)
  eden space 32768K, 0% used [0x00000000eb180000,0x00000000eb180000,0x00000000ed180000)
  from space 2560K, 100% used [0x00000000ed180000,0x00000000ed400000,0x00000000ed400000)
  to   space 2560K, 0% used [0x00000000ed400000,0x00000000ed400000,0x00000000ed680000)
 ParOldGen       total 44032K, used 40363K [0x00000000c1400000, 0x00000000c3f00000, 0x00000000eb180000)
  object space 44032K, 91% used [0x00000000c1400000,0x00000000c3b6ad68,0x00000000c3f00000)
 Metaspace       used 18147K, capacity 18584K, committed 18688K, reserved 1064960K
  class space    used 2147K, capacity 2290K, committed 2304K, reserved 1048576K

Card table byte_map: [0x0000000014100000,0x0000000014300000] byte_map_base: 0x0000000013af6000

Marking Bits: (ParMarkBitMap*) 0x000000005a905ce0
 Begin Bits: [0x0000000014850000, 0x0000000015800000)
 End Bits:   [0x0000000015800000, 0x00000000167b0000)

Polling page: 0x0000000002d80000

CodeCache: size=245760Kb used=11960Kb max_used=11963Kb free=233799Kb
 bounds [0x0000000004d40000, 0x0000000005900000, 0x0000000013d40000]
 total_blobs=3792 nmethods=3444 adapters=260
 compilation: enabled

Compilation events (10 events):
Event: 10.830 Thread 0x000000001735a800 3495       3       org.apache.maven.model.merge.ModelMerger::mergeModel (199 bytes)
Event: 10.830 Thread 0x0000000017351800 nmethod 3464 0x00000000058f8350 code [0x00000000058f84c0, 0x00000000058f8bd8]
Event: 10.830 Thread 0x0000000017351800 3453       4       org.codehaus.plexus.interpolation.reflection.ReflectionValueExtractor::getClassMap (58 bytes)
Event: 10.831 Thread 0x000000001735a800 nmethod 3495 0x00000000058f5910 code [0x00000000058f5bc0, 0x00000000058f6e98]
Event: 10.853 Thread 0x0000000017351800 nmethod 3453 0x00000000058f9310 code [0x00000000058f9540, 0x00000000058f9e30]
Event: 10.853 Thread 0x0000000017351800 3496       4       java.util.HashSet::add (20 bytes)
Event: 10.854 Thread 0x000000001735a800 3497       3       org.apache.maven.model.Parent::setGroupId (6 bytes)
Event: 10.854 Thread 0x000000001735a800 nmethod 3497 0x00000000058cf590 code [0x00000000058cf6e0, 0x00000000058cf850]
Event: 10.854 Thread 0x000000001735a800 3498       3       org.apache.maven.model.Parent::setArtifactId (6 bytes)
Event: 10.854 Thread 0x000000001735a800 nmethod 3498 0x00000000058f55d0 code [0x00000000058f5720, 0x00000000058f5890]

GC Heap History (10 events):
Event: 9.789 GC heap after
Heap after GC invocations=10 (full 0):
 PSYoungGen      total 35328K, used 2560K [0x00000000eb180000, 0x00000000ed680000, 0x0000000100000000)
  eden space 32768K, 0% used [0x00000000eb180000,0x00000000eb180000,0x00000000ed180000)
  from space 2560K, 100% used [0x00000000ed400000,0x00000000ed680000,0x00000000ed680000)
  to   space 2560K, 0% used [0x00000000ed180000,0x00000000ed180000,0x00000000ed400000)
 ParOldGen       total 44032K, used 36134K [0x00000000c1400000, 0x00000000c3f00000, 0x00000000eb180000)
  object space 44032K, 82% used [0x00000000c1400000,0x00000000c3749800,0x00000000c3f00000)
 Metaspace       used 17923K, capacity 18368K, committed 18432K, reserved 1064960K
  class space    used 2143K, capacity 2286K, committed 2304K, reserved 1048576K
}
Event: 9.789 GC heap before
{Heap before GC invocations=11 (full 1):
 PSYoungGen      total 35328K, used 2560K [0x00000000eb180000, 0x00000000ed680000, 0x0000000100000000)
  eden space 32768K, 0% used [0x00000000eb180000,0x00000000eb180000,0x00000000ed180000)
  from space 2560K, 100% used [0x00000000ed400000,0x00000000ed680000,0x00000000ed680000)
  to   space 2560K, 0% used [0x00000000ed180000,0x00000000ed180000,0x00000000ed400000)
 ParOldGen       total 44032K, used 36134K [0x00000000c1400000, 0x00000000c3f00000, 0x00000000eb180000)
  object space 44032K, 82% used [0x00000000c1400000,0x00000000c3749800,0x00000000c3f00000)
 Metaspace       used 17923K, capacity 18368K, committed 18432K, reserved 1064960K
  class space    used 2143K, capacity 2286K, committed 2304K, reserved 1048576K
Event: 9.930 GC heap after
Heap after GC invocations=11 (full 1):
 PSYoungGen      total 35328K, used 0K [0x00000000eb180000, 0x00000000ed680000, 0x0000000100000000)
  eden space 32768K, 0% used [0x00000000eb180000,0x00000000eb180000,0x00000000ed180000)
  from space 2560K, 0% used [0x00000000ed400000,0x00000000ed400000,0x00000000ed680000)
  to   space 2560K, 0% used [0x00000000ed180000,0x00000000ed180000,0x00000000ed400000)
 ParOldGen       total 44032K, used 25206K [0x00000000c1400000, 0x00000000c3f00000, 0x00000000eb180000)
  object space 44032K, 57% used [0x00000000c1400000,0x00000000c2c9db08,0x00000000c3f00000)
 Metaspace       used 17923K, capacity 18368K, committed 18432K, reserved 1064960K
  class space    used 2143K, capacity 2286K, committed 2304K, reserved 1048576K
}
Event: 10.223 GC heap before
{Heap before GC invocations=12 (full 1):
 PSYoungGen      total 35328K, used 32768K [0x00000000eb180000, 0x00000000ed680000, 0x0000000100000000)
  eden space 32768K, 100% used [0x00000000eb180000,0x00000000ed180000,0x00000000ed180000)
  from space 2560K, 0% used [0x00000000ed400000,0x00000000ed400000,0x00000000ed680000)
  to   space 2560K, 0% used [0x00000000ed180000,0x00000000ed180000,0x00000000ed400000)
 ParOldGen       total 44032K, used 25206K [0x00000000c1400000, 0x00000000c3f00000, 0x00000000eb180000)
  object space 44032K, 57% used [0x00000000c1400000,0x00000000c2c9db08,0x00000000c3f00000)
 Metaspace       used 18038K, capacity 18444K, committed 18688K, reserved 1064960K
  class space    used 2144K, capacity 2288K, committed 2304K, reserved 1048576K
Event: 10.234 GC heap after
Heap after GC invocations=12 (full 1):
 PSYoungGen      total 35328K, used 2560K [0x00000000eb180000, 0x00000000ed680000, 0x0000000100000000)
  eden space 32768K, 0% used [0x00000000eb180000,0x00000000eb180000,0x00000000ed180000)
  from space 2560K, 100% used [0x00000000ed180000,0x00000000ed400000,0x00000000ed400000)
  to   space 2560K, 0% used [0x00000000ed400000,0x00000000ed400000,0x00000000ed680000)
 ParOldGen       total 44032K, used 28510K [0x00000000c1400000, 0x00000000c3f00000, 0x00000000eb180000)
  object space 44032K, 64% used [0x00000000c1400000,0x00000000c2fd7b08,0x00000000c3f00000)
 Metaspace       used 18038K, capacity 18444K, committed 18688K, reserved 1064960K
  class space    used 2144K, capacity 2288K, committed 2304K, reserved 1048576K
}
Event: 10.484 GC heap before
{Heap before GC invocations=13 (full 1):
 PSYoungGen      total 35328K, used 35328K [0x00000000eb180000, 0x00000000ed680000, 0x0000000100000000)
  eden space 32768K, 100% used [0x00000000eb180000,0x00000000ed180000,0x00000000ed180000)
  from space 2560K, 100% used [0x00000000ed180000,0x00000000ed400000,0x00000000ed400000)
  to   space 2560K, 0% used [0x00000000ed400000,0x00000000ed400000,0x00000000ed680000)
 ParOldGen       total 44032K, used 28510K [0x00000000c1400000, 0x00000000c3f00000, 0x00000000eb180000)
  object space 44032K, 64% used [0x00000000c1400000,0x00000000c2fd7b08,0x00000000c3f00000)
 Metaspace       used 18071K, capacity 18508K, committed 18688K, reserved 1064960K
  class space    used 2145K, capacity 2288K, committed 2304K, reserved 1048576K
Event: 10.521 GC heap after
Heap after GC invocations=13 (full 1):
 PSYoungGen      total 35328K, used 2560K [0x00000000eb180000, 0x00000000ed680000, 0x0000000100000000)
  eden space 32768K, 0% used [0x00000000eb180000,0x00000000eb180000,0x00000000ed180000)
  from space 2560K, 100% used [0x00000000ed400000,0x00000000ed680000,0x00000000ed680000)
  to   space 2560K, 0% used [0x00000000ed180000,0x00000000ed180000,0x00000000ed400000)
 ParOldGen       total 44032K, used 35067K [0x00000000c1400000, 0x00000000c3f00000, 0x00000000eb180000)
  object space 44032K, 79% used [0x00000000c1400000,0x00000000c363ed38,0x00000000c3f00000)
 Metaspace       used 18071K, capacity 18508K, committed 18688K, reserved 1064960K
  class space    used 2145K, capacity 2288K, committed 2304K, reserved 1048576K
}
Event: 10.855 GC heap before
{Heap before GC invocations=14 (full 1):
 PSYoungGen      total 35328K, used 35328K [0x00000000eb180000, 0x00000000ed680000, 0x0000000100000000)
  eden space 32768K, 100% used [0x00000000eb180000,0x00000000ed180000,0x00000000ed180000)
  from space 2560K, 100% used [0x00000000ed400000,0x00000000ed680000,0x00000000ed680000)
  to   space 2560K, 0% used [0x00000000ed180000,0x00000000ed180000,0x00000000ed400000)
 ParOldGen       total 44032K, used 35067K [0x00000000c1400000, 0x00000000c3f00000, 0x00000000eb180000)
  object space 44032K, 79% used [0x00000000c1400000,0x00000000c363ed38,0x00000000c3f00000)
 Metaspace       used 18147K, capacity 18584K, committed 18688K, reserved 1064960K
  class space    used 2147K, capacity 2290K, committed 2304K, reserved 1048576K
Event: 10.873 GC heap after
Heap after GC invocations=14 (full 1):
 PSYoungGen      total 35328K, used 2560K [0x00000000eb180000, 0x00000000ed680000, 0x0000000100000000)
  eden space 32768K, 0% used [0x00000000eb180000,0x00000000eb180000,0x00000000ed180000)
  from space 2560K, 100% used [0x00000000ed180000,0x00000000ed400000,0x00000000ed400000)
  to   space 2560K, 0% used [0x00000000ed400000,0x00000000ed400000,0x00000000ed680000)
 ParOldGen       total 44032K, used 40363K [0x00000000c1400000, 0x00000000c3f00000, 0x00000000eb180000)
  object space 44032K, 91% used [0x00000000c1400000,0x00000000c3b6ad68,0x00000000c3f00000)
 Metaspace       used 18147K, capacity 18584K, committed 18688K, reserved 1064960K
  class space    used 2147K, capacity 2290K, committed 2304K, reserved 1048576K
}
Event: 10.873 GC heap before
{Heap before GC invocations=15 (full 2):
 PSYoungGen      total 35328K, used 2560K [0x00000000eb180000, 0x00000000ed680000, 0x0000000100000000)
  eden space 32768K, 0% used [0x00000000eb180000,0x00000000eb180000,0x00000000ed180000)
  from space 2560K, 100% used [0x00000000ed180000,0x00000000ed400000,0x00000000ed400000)
  to   space 2560K, 0% used [0x00000000ed400000,0x00000000ed400000,0x00000000ed680000)
 ParOldGen       total 44032K, used 40363K [0x00000000c1400000, 0x00000000c3f00000, 0x00000000eb180000)
  object space 44032K, 91% used [0x00000000c1400000,0x00000000c3b6ad68,0x00000000c3f00000)
 Metaspace       used 18147K, capacity 18584K, committed 18688K, reserved 1064960K
  class space    used 2147K, capacity 2290K, committed 2304K, reserved 1048576K

Deoptimization events (10 events):
Event: 9.357 Thread 0x0000000004ba2800 Uncommon trap: reason=unstable_if action=reinterpret pc=0x00000000056bc39c method=java.util.StringTokenizer.setMaxDelimCodePoint()V @ 71
Event: 9.511 Thread 0x0000000004ba2800 Uncommon trap: reason=bimorphic action=maybe_recompile pc=0x00000000052e1024 method=java.util.regex.Pattern$CharProperty.match(Ljava/util/regex/Matcher;ILjava/lang/CharSequence;)Z @ 37
Event: 9.532 Thread 0x0000000004ba2800 Uncommon trap: reason=unstable_if action=reinterpret pc=0x00000000054317e8 method=org.eclipse.sisu.plexus.RealmFilteredBeans$FilteredItr.hasNext()Z @ 44
Event: 9.534 Thread 0x0000000004ba2800 Uncommon trap: reason=unstable_if action=reinterpret pc=0x0000000005477410 method=org.eclipse.sisu.plexus.RealmFilteredBeans$FilteredItr.hasNext()Z @ 44
Event: 9.589 Thread 0x0000000004ba2800 Uncommon trap: reason=unstable_if action=reinterpret pc=0x000000000572f6fc method=org.codehaus.plexus.classworlds.realm.Entry.matches(Ljava/lang/String;)Z @ 20
Event: 9.595 Thread 0x0000000004ba2800 Uncommon trap: reason=unstable_if action=reinterpret pc=0x0000000005740a14 method=java.util.jar.JarFile.maybeInstantiateVerifier()V @ 75
Event: 9.616 Thread 0x0000000004ba2800 Uncommon trap: reason=unstable_if action=reinterpret pc=0x0000000005043bf4 method=java.util.HashMap.putVal(ILjava/lang/Object;Ljava/lang/Object;ZZ)Ljava/lang/Object; @ 236
Event: 9.728 Thread 0x0000000004ba2800 Uncommon trap: reason=unstable_if action=reinterpret pc=0x00000000056b9eac method=java.util.concurrent.ConcurrentHashMap.replaceNode(Ljava/lang/Object;Ljava/lang/Object;Ljava/lang/Object;)Ljava/lang/Object; @ 17
Event: 10.205 Thread 0x0000000004ba2800 Uncommon trap: reason=null_check action=make_not_entrant pc=0x0000000005800b00 method=org.apache.maven.model.validation.DefaultModelValidator.validateEffectiveDependency(Lorg/apache/maven/model/building/ModelProblemCollector;Lorg/apache/maven/model/Depend
Event: 10.632 Thread 0x0000000004ba2800 Uncommon trap: reason=unstable_if action=reinterpret pc=0x000000000585d438 method=org.apache.maven.artifact.versioning.ComparableVersion.parseVersion(Ljava/lang/String;)V @ 276

Classes redefined (0 events):
No events

Internal exceptions (10 events):
Event: 1.844 Thread 0x0000000004ba2800 Exception <a 'java/lang/NullPointerException'> (0x00000000eb683238) thrown at [C:\re\workspace\8-2-build-windows-amd64-cygwin\jdk8u221\13320\hotspot\src\share\vm\interpreter\linkResolver.cpp, line 1185]
Event: 2.111 Thread 0x0000000004ba2800 Implicit null exception at 0x00000000052c2254 to 0x00000000052c34d9
Event: 2.821 Thread 0x0000000004ba2800 Implicit null exception at 0x0000000005450fb7 to 0x0000000005451201
Event: 3.478 Thread 0x0000000004ba2800 Implicit null exception at 0x000000000502d195 to 0x000000000502d365
Event: 3.478 Thread 0x0000000004ba2800 Implicit null exception at 0x0000000004ffddaf to 0x0000000004ffde19
Event: 3.480 Thread 0x0000000004ba2800 Implicit null exception at 0x000000000541d73d to 0x000000000541d9d1
Event: 3.480 Thread 0x0000000004ba2800 Implicit null exception at 0x00000000052982a3 to 0x0000000005298a8d
Event: 3.480 Thread 0x0000000004ba2800 Implicit null exception at 0x0000000005059c3b to 0x000000000505a215
Event: 9.728 Thread 0x0000000004ba2800 Implicit null exception at 0x00000000056b995b to 0x00000000056b9e8d
Event: 10.205 Thread 0x0000000004ba2800 Implicit null exception at 0x00000000057ff8d8 to 0x0000000005800ae5

Events (10 events):
Event: 10.542 loading class com/google/inject/internal/InternalContext$1
Event: 10.542 loading class com/google/inject/internal/InternalContext$1 done
Event: 10.632 Thread 0x0000000004ba2800 Uncommon trap: trap_request=0xffffff65 fr.pc=0x000000000585d438
Event: 10.632 Thread 0x0000000004ba2800 DEOPT PACKING pc=0x000000000585d438 sp=0x00000000033bd6a0
Event: 10.632 Thread 0x0000000004ba2800 DEOPT UNPACKING pc=0x0000000004d8583b sp=0x00000000033bd6c0 mode 2
Event: 10.732 Thread 0x0000000004ba2800 DEOPT PACKING pc=0x00000000053044e2 sp=0x00000000033bc770
Event: 10.732 Thread 0x0000000004ba2800 DEOPT UNPACKING pc=0x0000000004d87890 sp=0x00000000033bc4d8 mode 0
Event: 10.783 Thread 0x0000000004ba2800 DEOPT PACKING pc=0x0000000005688a48 sp=0x00000000033bc1b0
Event: 10.783 Thread 0x0000000004ba2800 DEOPT UNPACKING pc=0x0000000004d87890 sp=0x00000000033bc0a0 mode 0
Event: 10.855 Executing VM operation: ParallelGCFailedAllocation


Dynamic libraries:
0x00007ff706ee0000 - 0x00007ff706f17000 	C:\Program Files\Java\jdk1.8.0_221\bin\java.exe
0x00007fff815a0000 - 0x00007fff81780000 	C:\WINDOWS\SYSTEM32\ntdll.dll
0x00007fff7eb20000 - 0x00007fff7ebce000 	C:\WINDOWS\System32\KERNEL32.DLL
0x00007fff7e6d0000 - 0x00007fff7e936000 	C:\WINDOWS\System32\KERNELBASE.dll
0x00007fff7f220000 - 0x00007fff7f2c1000 	C:\WINDOWS\System32\ADVAPI32.dll
0x00007fff81190000 - 0x00007fff8122d000 	C:\WINDOWS\System32\msvcrt.dll
0x00007fff80960000 - 0x00007fff809bb000 	C:\WINDOWS\System32\sechost.dll
0x00007fff7f100000 - 0x00007fff7f21f000 	C:\WINDOWS\System32\RPCRT4.dll
0x00007fff813d0000 - 0x00007fff8155f000 	C:\WINDOWS\System32\USER32.dll
0x00007fff7e6b0000 - 0x00007fff7e6d0000 	C:\WINDOWS\System32\win32u.dll
0x00007fff7ec70000 - 0x00007fff7ec98000 	C:\WINDOWS\System32\GDI32.dll
0x00007fff7da40000 - 0x00007fff7dbd3000 	C:\WINDOWS\System32\gdi32full.dll
0x00007fff7d9a0000 - 0x00007fff7da3b000 	C:\WINDOWS\System32\msvcp_win.dll
0x00007fff7e5b0000 - 0x00007fff7e6a6000 	C:\WINDOWS\System32\ucrtbase.dll
0x00007fff6f690000 - 0x00007fff6f8f9000 	C:\WINDOWS\WinSxS\amd64_microsoft.windows.common-controls_6595b64144ccf1df_6.0.16299.492_none_15c8d3609364b9b0\COMCTL32.dll
0x00007fff80b30000 - 0x00007fff80e37000 	C:\WINDOWS\System32\combase.dll
0x00007fff7e9f0000 - 0x00007fff7ea62000 	C:\WINDOWS\System32\bcryptPrimitives.dll
0x00007fff813a0000 - 0x00007fff813cd000 	C:\WINDOWS\System32\IMM32.DLL
0x000000005a990000 - 0x000000005aa62000 	C:\Program Files\Java\jdk1.8.0_221\jre\bin\msvcr100.dll
0x000000005a0e0000 - 0x000000005a985000 	C:\Program Files\Java\jdk1.8.0_221\jre\bin\server\jvm.dll
0x00007fff7f0f0000 - 0x00007fff7f0f8000 	C:\WINDOWS\System32\PSAPI.DLL
0x00007fff7a830000 - 0x00007fff7a853000 	C:\WINDOWS\SYSTEM32\WINMM.dll
0x00007fff70210000 - 0x00007fff70219000 	C:\WINDOWS\SYSTEM32\WSOCK32.dll
0x00007fff6fdf0000 - 0x00007fff6fdfa000 	C:\WINDOWS\SYSTEM32\VERSION.dll
0x00007fff80890000 - 0x00007fff808fc000 	C:\WINDOWS\System32\WS2_32.dll
0x00007fff7a800000 - 0x00007fff7a82a000 	C:\WINDOWS\SYSTEM32\WINMMBASE.dll
0x00007fff7dbe0000 - 0x00007fff7dc2a000 	C:\WINDOWS\System32\cfgmgr32.dll
0x00007fff7a8b0000 - 0x00007fff7a8bf000 	C:\Program Files\Java\jdk1.8.0_221\jre\bin\verify.dll
0x00007fff72ca0000 - 0x00007fff72cc9000 	C:\Program Files\Java\jdk1.8.0_221\jre\bin\java.dll
0x00007fff7a890000 - 0x00007fff7a8a6000 	C:\Program Files\Java\jdk1.8.0_221\jre\bin\zip.dll
0x00007fff7f330000 - 0x00007fff80768000 	C:\WINDOWS\System32\SHELL32.dll
0x00007fff7ea70000 - 0x00007fff7eb16000 	C:\WINDOWS\System32\shcore.dll
0x00007fff7de60000 - 0x00007fff7e5a7000 	C:\WINDOWS\System32\windows.storage.dll
0x00007fff80e40000 - 0x00007fff80e91000 	C:\WINDOWS\System32\shlwapi.dll
0x00007fff7d930000 - 0x00007fff7d941000 	C:\WINDOWS\System32\kernel.appcore.dll
0x00007fff7d950000 - 0x00007fff7d99c000 	C:\WINDOWS\System32\powrprof.dll
0x00007fff7d910000 - 0x00007fff7d92b000 	C:\WINDOWS\System32\profapi.dll
0x00007fff72e20000 - 0x00007fff72e3a000 	C:\Program Files\Java\jdk1.8.0_221\jre\bin\net.dll
0x00007fff6e050000 - 0x00007fff6e21a000 	C:\WINDOWS\SYSTEM32\urlmon.dll
0x00007fff81230000 - 0x00007fff8124d000 	C:\WINDOWS\System32\imagehlp.dll
0x00007fff704a0000 - 0x00007fff70739000 	C:\WINDOWS\SYSTEM32\iertutil.dll
0x00007fff7d300000 - 0x00007fff7d30b000 	C:\WINDOWS\SYSTEM32\CRYPTBASE.DLL
0x00007fff7d120000 - 0x00007fff7d186000 	C:\WINDOWS\system32\mswsock.dll
0x00007fff6e690000 - 0x00007fff6e6a2000 	C:\Program Files\Java\jdk1.8.0_221\jre\bin\nio.dll

VM Arguments:
jvm_args: -Dclassworlds.conf=C:/Maven3.3.9/apache-maven-3.3.9-bin/apache-maven-3.3.9/bin/m2.conf -Dmaven.home=C:/Maven3.3.9/apache-maven-3.3.9-bin/apache-maven-3.3.9 -Dmaven.multiModuleProjectDirectory=C:/Users/wigner fernades/Documents/workspace-sts-3.9.9.RELEASE/MeuPrimeiroProjeto 
java_command: org.codehaus.plexus.classworlds.launcher.Launcher eclipse:eclipse
java_class_path (initial): C:/Maven3.3.9/apache-maven-3.3.9-bin/apache-maven-3.3.9/boot/plexus-classworlds-2.5.2.jar
Launcher Type: SUN_STANDARD

Environment Variables:
JAVA_HOME=C:/Program Files/Java/jdk1.8.0_221
PATH=C:\Users\wigner fernades\bin;C:\Program Files\Git\mingw64\bin;C:\Program Files\Git\usr\local\bin;C:\Program Files\Git\usr\bin;C:\Program Files\Git\usr\bin;C:\Program Files\Git\mingw64\bin;C:\Program Files\Git\usr\bin;C:\Users\wigner fernades\bin;C:\Program Files (x86)\Common Files\Oracle\Java\javapath;C:\ProgramData\Oracle\Java\javapath;C:\Program Files (x86)\Intel\iCLS Client;C:\Program Files\Intel\iCLS Client;C:\WINDOWS\system32;C:\WINDOWS;C:\WINDOWS\System32\Wbem;C:\WINDOWS\System32\WindowsPowerShell\v1.0;C:\Program Files\Intel\Intel(R) Management Engine Components\DAL;C:\Program Files\Intel\Intel(R) Management Engine Components\IPT;C:\Program Files (x86)\Intel\Intel(R) Management Engine Components\DAL;C:\Program Files (x86)\Intel\Intel(R) Management Engine Components\IPT;C:\Program Files\Samsung\AllShare Framework DMS\1.3.23;C:\Program Files\Samsung\AllShare Framework DMS\1.3.23\64bit;C:\Program Files\Intel\WiFi\bin;C:\Program Files\Common Files\Intel\WirelessCommon;C:\Program Files\Microsoft SQL Server\Client SDK\ODBC\110\Tools\Binn;C:\Program Files (x86)\Microsoft SQL Server\120\Tools\Binn\ManagementStudio;C:\Program Files (x86)\Microsoft SQL Server\120\Tools\Binn;C:\Program Files\Microsoft SQL Server\120\Tools\Binn;C:\Program Files (x86)\Microsoft SQL Server\120\DTS\Binn;C:\Program Files\Microsoft SQL Server\120\DTS\Binn;C:\Maven3.3.9\apache-maven-3.3.9-bin\apache-maven-3.3.9\bin;C:\Program Files\Java\jdk1.7.0_79\bin;C:\Program Files\Java\jdk1.8.0_221bin;C:\Program Files\MySQL\MySQL Shell 8.0\bin;C:\Program Files\Git\usr\bin\vendor_perl;C:\Program Files\Git\usr\bin\core_perl
USERNAME=wigner
SHELL=C:\Program Files\Git\usr\bin\bash
DISPLAY=needs-to-be-defined
OS=Windows_NT
PROCESSOR_IDENTIFIER=Intel64 Family 6 Model 69 Stepping 1, GenuineIntel



---------------  S Y S T E M  ---------------

OS: Windows 10.0 , 64 bit Build 16299 (10.0.16299.431)

CPU:total 4 (initial active 4) (2 cores per cpu, 2 threads per core) family 6 model 69 stepping 1, cmov, cx8, fxsr, mmx, sse, sse2, sse3, ssse3, sse4.1, sse4.2, popcnt, avx, avx2, aes, clmul, erms, lzcnt, ht, tsc, tscinvbit, bmi1, bmi2

Memory: 4k page, physical 4107052k(711092k free), swap 8400696k(9276k free)

vm_info: Java HotSpot(TM) 64-Bit Server VM (25.221-b11) for windows-amd64 JRE (1.8.0_221-b11), built on Jul  4 2019 04:39:29 by "java_re" with MS VC++ 10.0 (VS2010)

time: Thu Aug 08 15:47:54 2019
timezone: Hora oficial do Brasil
elapsed time: 10 seconds (0d 0h 0m 10s)

