#
# There is insufficient memory for the Java Runtime Environment to continue.
# Native memory allocation (malloc) failed to allocate 657936 bytes for Chunk::new
# Possible reasons:
#   The system is out of physical RAM or swap space
#   In 32 bit mode, the process size limit was hit
# Possible solutions:
#   Reduce memory load on the system
#   Increase physical memory or swap space
#   Check if swap backing store is full
#   Use 64 bit Java on a 64 bit OS
#   Decrease Java heap size (-Xmx/-Xms)
#   Decrease number of Java threads
#   Decrease Java thread stack sizes (-Xss)
#   Set larger code cache with -XX:ReservedCodeCacheSize=
# This output file may be truncated or incomplete.
#
#  Out of Memory Error (allocation.cpp:390), pid=11300, tid=10860
#
# JRE version: Java(TM) SE Runtime Environment (8.0_60-b27) (build 1.8.0_60-b27)
# Java VM: Java HotSpot(TM) 64-Bit Server VM (25.60-b23 mixed mode windows-amd64 compressed oops)
# Failed to write core dump. Minidumps are not enabled by default on client versions of Windows
#

---------------  T H R E A D  ---------------

Current thread (0x0000000016f9d000):  JavaThread "C2 CompilerThread1" daemon [_thread_in_native, id=10860, stack(0x00000000187e0000,0x00000000188e0000)]

Stack: [0x00000000187e0000,0x00000000188e0000]
[error occurred during error reporting (printing stack bounds), id 0xc0000005]

Native frames: (J=compiled Java code, j=interpreted, Vv=VM code, C=native code)


Current CompileTask:
C2:   5565 2667   !   4       java.net.URL::<init> (543 bytes)


---------------  P R O C E S S  ---------------

Java Threads: ( => current thread )
  0x0000000019e8b800 JavaThread "Okio Watchdog" daemon [_thread_blocked, id=9036, stack(0x000000001b7b0000,0x000000001b8b0000)]
  0x0000000019e8f800 JavaThread "OkHttp ConnectionPool" daemon [_thread_blocked, id=652, stack(0x000000001b6b0000,0x000000001b7b0000)]
  0x0000000018a03000 JavaThread "Service Thread" daemon [_thread_blocked, id=6048, stack(0x0000000018de0000,0x0000000018ee0000)]
  0x0000000016fcf000 JavaThread "C1 CompilerThread2" daemon [_thread_blocked, id=12328, stack(0x00000000188e0000,0x00000000189e0000)]
=>0x0000000016f9d000 JavaThread "C2 CompilerThread1" daemon [_thread_in_native, id=10860, stack(0x00000000187e0000,0x00000000188e0000)]
  0x0000000016f7b800 JavaThread "C2 CompilerThread0" daemon [_thread_blocked, id=5544, stack(0x00000000186e0000,0x00000000187e0000)]
  0x0000000016f7a000 JavaThread "Attach Listener" daemon [_thread_blocked, id=10684, stack(0x00000000185e0000,0x00000000186e0000)]
  0x0000000016f79000 JavaThread "Signal Dispatcher" daemon [_thread_blocked, id=11448, stack(0x00000000184e0000,0x00000000185e0000)]
  0x0000000004966800 JavaThread "Finalizer" daemon [_thread_blocked, id=3308, stack(0x00000000181e0000,0x00000000182e0000)]
  0x000000000495e000 JavaThread "Reference Handler" daemon [_thread_blocked, id=3632, stack(0x00000000180e0000,0x00000000181e0000)]
  0x00000000047de000 JavaThread "main" [_thread_in_native, id=11980, stack(0x0000000004690000,0x0000000004790000)]

Other Threads:
  0x0000000016f47800 VMThread [stack: 0x0000000017fe0000,0x00000000180e0000] [id=11892]
  0x0000000018a05000 WatcherThread [stack: 0x0000000018ee0000,0x0000000018fe0000] [id=13376]

VM state:not at safepoint (normal execution)

VM Mutex/Monitor currently owned by a thread: None

Heap:
 PSYoungGen      total 35328K, used 23677K [0x00000000eb180000, 0x00000000ed680000, 0x0000000100000000)
  eden space 32768K, 64% used [0x00000000eb180000,0x00000000ec627768,0x00000000ed180000)
  from space 2560K, 98% used [0x00000000ed400000,0x00000000ed678020,0x00000000ed680000)
  to   space 2560K, 0% used [0x00000000ed180000,0x00000000ed180000,0x00000000ed400000)
 ParOldGen       total 44032K, used 13953K [0x00000000c1400000, 0x00000000c3f00000, 0x00000000eb180000)
  object space 44032K, 31% used [0x00000000c1400000,0x00000000c21a05c8,0x00000000c3f00000)
 Metaspace       used 20278K, capacity 20636K, committed 20736K, reserved 1067008K
  class space    used 2405K, capacity 2528K, committed 2560K, reserved 1048576K

Card table byte_map: [0x0000000013d30000,0x0000000013f30000] byte_map_base: 0x0000000013726000

Marking Bits: (ParMarkBitMap*) 0x000000005b36a5b0
 Begin Bits: [0x0000000014480000, 0x0000000015430000)
 End Bits:   [0x0000000015430000, 0x00000000163e0000)

Polling page: 0x0000000002a20000

CodeCache: size=245760Kb used=8679Kb max_used=8679Kb free=237081Kb
 bounds [0x0000000004970000, 0x0000000005200000, 0x0000000013970000]
 total_blobs=3105 nmethods=2687 adapters=330
 compilation: enabled

Compilation events (10 events):
Event: 5.541 Thread 0x0000000016f7b800 2682       4       java.util.jar.Attributes$Name::hashCode (24 bytes)
Event: 5.549 Thread 0x0000000016f7b800 nmethod 2682 0x00000000051e88d0 code [0x00000000051e8a20, 0x00000000051e8cf8]
Event: 5.551 Thread 0x0000000016fcf000 2687       3       org.codehaus.plexus.util.xml.pull.MXParser::nextImpl (1202 bytes)
Event: 5.558 Thread 0x0000000016fcf000 nmethod 2687 0x00000000051ed410 code [0x00000000051ed9e0, 0x00000000051f1048]
Event: 5.558 Thread 0x0000000016fcf000 2688       3       java.util.regex.Matcher::search (109 bytes)
Event: 5.558 Thread 0x0000000016fcf000 nmethod 2688 0x00000000051e5ad0 code [0x00000000051e5c60, 0x00000000051e6068]
Event: 5.558 Thread 0x0000000016fcf000 2689       1       org.eclipse.aether.resolution.VersionRequest::getArtifact (5 bytes)
Event: 5.558 Thread 0x0000000016fcf000 nmethod 2689 0x00000000051e9d10 code [0x00000000051e9e60, 0x00000000051e9f70]
Event: 5.558 Thread 0x0000000016fcf000 2690       1       org.eclipse.aether.resolution.VersionRequest::getRepositories (5 bytes)
Event: 5.558 Thread 0x0000000016fcf000 nmethod 2690 0x00000000051e57d0 code [0x00000000051e5920, 0x00000000051e5a30]

GC Heap History (10 events):
Event: 1.562 GC heap before
{Heap before GC invocations=2 (full 0):
 PSYoungGen      total 18944K, used 18930K [0x00000000eb180000, 0x00000000ec680000, 0x0000000100000000)
  eden space 16384K, 100% used [0x00000000eb180000,0x00000000ec180000,0x00000000ec180000)
  from space 2560K, 99% used [0x00000000ec180000,0x00000000ec3fc908,0x00000000ec400000)
  to   space 2560K, 0% used [0x00000000ec400000,0x00000000ec400000,0x00000000ec680000)
 ParOldGen       total 44032K, used 639K [0x00000000c1400000, 0x00000000c3f00000, 0x00000000eb180000)
  object space 44032K, 1% used [0x00000000c1400000,0x00000000c149ffb8,0x00000000c3f00000)
 Metaspace       used 8400K, capacity 8580K, committed 8832K, reserved 1056768K
  class space    used 1019K, capacity 1052K, committed 1152K, reserved 1048576K
Event: 1.570 GC heap after
Heap after GC invocations=2 (full 0):
 PSYoungGen      total 18944K, used 2542K [0x00000000eb180000, 0x00000000ed680000, 0x0000000100000000)
  eden space 16384K, 0% used [0x00000000eb180000,0x00000000eb180000,0x00000000ec180000)
  from space 2560K, 99% used [0x00000000ec400000,0x00000000ec67bb48,0x00000000ec680000)
  to   space 2560K, 0% used [0x00000000ec180000,0x00000000ec180000,0x00000000ec400000)
 ParOldGen       total 44032K, used 1259K [0x00000000c1400000, 0x00000000c3f00000, 0x00000000eb180000)
  object space 44032K, 2% used [0x00000000c1400000,0x00000000c153ac90,0x00000000c3f00000)
 Metaspace       used 8400K, capacity 8580K, committed 8832K, reserved 1056768K
  class space    used 1019K, capacity 1052K, committed 1152K, reserved 1048576K
}
Event: 1.832 GC heap before
{Heap before GC invocations=3 (full 0):
 PSYoungGen      total 18944K, used 18926K [0x00000000eb180000, 0x00000000ed680000, 0x0000000100000000)
  eden space 16384K, 100% used [0x00000000eb180000,0x00000000ec180000,0x00000000ec180000)
  from space 2560K, 99% used [0x00000000ec400000,0x00000000ec67bb48,0x00000000ec680000)
  to   space 2560K, 0% used [0x00000000ec180000,0x00000000ec180000,0x00000000ec400000)
 ParOldGen       total 44032K, used 1259K [0x00000000c1400000, 0x00000000c3f00000, 0x00000000eb180000)
  object space 44032K, 2% used [0x00000000c1400000,0x00000000c153ac90,0x00000000c3f00000)
 Metaspace       used 9655K, capacity 9872K, committed 9984K, reserved 1058816K
  class space    used 1167K, capacity 1246K, committed 1280K, reserved 1048576K
Event: 1.838 GC heap after
Heap after GC invocations=3 (full 0):
 PSYoungGen      total 18944K, used 2529K [0x00000000eb180000, 0x00000000ed680000, 0x0000000100000000)
  eden space 16384K, 0% used [0x00000000eb180000,0x00000000eb180000,0x00000000ec180000)
  from space 2560K, 98% used [0x00000000ec180000,0x00000000ec3f8670,0x00000000ec400000)
  to   space 2560K, 0% used [0x00000000ed400000,0x00000000ed400000,0x00000000ed680000)
 ParOldGen       total 44032K, used 2655K [0x00000000c1400000, 0x00000000c3f00000, 0x00000000eb180000)
  object space 44032K, 6% used [0x00000000c1400000,0x00000000c1697f10,0x00000000c3f00000)
 Metaspace       used 9655K, capacity 9872K, committed 9984K, reserved 1058816K
  class space    used 1167K, capacity 1246K, committed 1280K, reserved 1048576K
}
Event: 2.141 GC heap before
{Heap before GC invocations=4 (full 0):
 PSYoungGen      total 18944K, used 18913K [0x00000000eb180000, 0x00000000ed680000, 0x0000000100000000)
  eden space 16384K, 100% used [0x00000000eb180000,0x00000000ec180000,0x00000000ec180000)
  from space 2560K, 98% used [0x00000000ec180000,0x00000000ec3f8670,0x00000000ec400000)
  to   space 2560K, 0% used [0x00000000ed400000,0x00000000ed400000,0x00000000ed680000)
 ParOldGen       total 44032K, used 2655K [0x00000000c1400000, 0x00000000c3f00000, 0x00000000eb180000)
  object space 44032K, 6% used [0x00000000c1400000,0x00000000c1697f10,0x00000000c3f00000)
 Metaspace       used 11516K, capacity 11750K, committed 11776K, reserved 1058816K
  class space    used 1415K, capacity 1511K, committed 1536K, reserved 1048576K
Event: 2.149 GC heap after
Heap after GC invocations=4 (full 0):
 PSYoungGen      total 35328K, used 2544K [0x00000000eb180000, 0x00000000ed680000, 0x0000000100000000)
  eden space 32768K, 0% used [0x00000000eb180000,0x00000000eb180000,0x00000000ed180000)
  from space 2560K, 99% used [0x00000000ed400000,0x00000000ed67c010,0x00000000ed680000)
  to   space 2560K, 0% used [0x00000000ed180000,0x00000000ed180000,0x00000000ed400000)
 ParOldGen       total 44032K, used 4662K [0x00000000c1400000, 0x00000000c3f00000, 0x00000000eb180000)
  object space 44032K, 10% used [0x00000000c1400000,0x00000000c188d888,0x00000000c3f00000)
 Metaspace       used 11516K, capacity 11750K, committed 11776K, reserved 1058816K
  class space    used 1415K, capacity 1511K, committed 1536K, reserved 1048576K
}
Event: 3.145 GC heap before
{Heap before GC invocations=5 (full 0):
 PSYoungGen      total 35328K, used 35312K [0x00000000eb180000, 0x00000000ed680000, 0x0000000100000000)
  eden space 32768K, 100% used [0x00000000eb180000,0x00000000ed180000,0x00000000ed180000)
  from space 2560K, 99% used [0x00000000ed400000,0x00000000ed67c010,0x00000000ed680000)
  to   space 2560K, 0% used [0x00000000ed180000,0x00000000ed180000,0x00000000ed400000)
 ParOldGen       total 44032K, used 4662K [0x00000000c1400000, 0x00000000c3f00000, 0x00000000eb180000)
  object space 44032K, 10% used [0x00000000c1400000,0x00000000c188d888,0x00000000c3f00000)
 Metaspace       used 14681K, capacity 14928K, committed 14976K, reserved 1062912K
  class space    used 1810K, capacity 1912K, committed 1920K, reserved 1048576K
Event: 3.160 GC heap after
Heap after GC invocations=5 (full 0):
 PSYoungGen      total 35328K, used 2544K [0x00000000eb180000, 0x00000000ed680000, 0x0000000100000000)
  eden space 32768K, 0% used [0x00000000eb180000,0x00000000eb180000,0x00000000ed180000)
  from space 2560K, 99% used [0x00000000ed180000,0x00000000ed3fc010,0x00000000ed400000)
  to   space 2560K, 0% used [0x00000000ed400000,0x00000000ed400000,0x00000000ed680000)
 ParOldGen       total 44032K, used 9743K [0x00000000c1400000, 0x00000000c3f00000, 0x00000000eb180000)
  object space 44032K, 22% used [0x00000000c1400000,0x00000000c1d83ea0,0x00000000c3f00000)
 Metaspace       used 14681K, capacity 14928K, committed 14976K, reserved 1062912K
  class space    used 1810K, capacity 1912K, committed 1920K, reserved 1048576K
}
Event: 4.064 GC heap before
{Heap before GC invocations=6 (full 0):
 PSYoungGen      total 35328K, used 35307K [0x00000000eb180000, 0x00000000ed680000, 0x0000000100000000)
  eden space 32768K, 99% used [0x00000000eb180000,0x00000000ed17edc0,0x00000000ed180000)
  from space 2560K, 99% used [0x00000000ed180000,0x00000000ed3fc010,0x00000000ed400000)
  to   space 2560K, 0% used [0x00000000ed400000,0x00000000ed400000,0x00000000ed680000)
 ParOldGen       total 44032K, used 9743K [0x00000000c1400000, 0x00000000c3f00000, 0x00000000eb180000)
  object space 44032K, 22% used [0x00000000c1400000,0x00000000c1d83ea0,0x00000000c3f00000)
 Metaspace       used 17241K, capacity 17608K, committed 17920K, reserved 1064960K
  class space    used 2078K, capacity 2248K, committed 2304K, reserved 1048576K
Event: 4.079 GC heap after
Heap after GC invocations=6 (full 0):
 PSYoungGen      total 35328K, used 2528K [0x00000000eb180000, 0x00000000ed680000, 0x0000000100000000)
  eden space 32768K, 0% used [0x00000000eb180000,0x00000000eb180000,0x00000000ed180000)
  from space 2560K, 98% used [0x00000000ed400000,0x00000000ed678020,0x00000000ed680000)
  to   space 2560K, 0% used [0x00000000ed180000,0x00000000ed180000,0x00000000ed400000)
 ParOldGen       total 44032K, used 13953K [0x00000000c1400000, 0x00000000c3f00000, 0x00000000eb180000)
  object space 44032K, 31% used [0x00000000c1400000,0x00000000c21a05c8,0x00000000c3f00000)
 Metaspace       used 17241K, capacity 17608K, committed 17920K, reserved 1064960K
  class space    used 2078K, capacity 2248K, committed 2304K, reserved 1048576K
}

Deoptimization events (10 events):
Event: 4.176 Thread 0x00000000047de000 Uncommon trap: reason=unstable_if action=reinterpret pc=0x0000000005021098 method=java.util.LinkedHashMap.get(Ljava/lang/Object;)Ljava/lang/Object; @ 20
Event: 4.318 Thread 0x00000000047de000 Uncommon trap: reason=predicate action=maybe_recompile pc=0x0000000004bb6224 method=sun.net.www.ParseUtil.encodePath(Ljava/lang/String;Z)Ljava/lang/String; @ 36
Event: 4.452 Thread 0x00000000047de000 Uncommon trap: reason=unstable_if action=reinterpret pc=0x00000000050d1350 method=java.io.ByteArrayInputStream.read()I @ 8
Event: 4.495 Thread 0x00000000047de000 Uncommon trap: reason=null_check action=make_not_entrant pc=0x0000000004eb1558 method=java.net.URL.getURLStreamHandler(Ljava/lang/String;)Ljava/net/URLStreamHandler; @ 7
Event: 4.729 Thread 0x00000000047de000 Uncommon trap: reason=unstable_if action=reinterpret pc=0x000000000519179c method=java.util.Arrays.equals([B[B)Z @ 41
Event: 4.750 Thread 0x00000000047de000 Uncommon trap: reason=unstable_if action=reinterpret pc=0x00000000051910b4 method=java.util.regex.Pattern$Start.match(Ljava/util/regex/Matcher;ILjava/lang/CharSequence;)Z @ 10
Event: 4.985 Thread 0x00000000047de000 Uncommon trap: reason=bimorphic action=maybe_recompile pc=0x0000000004f526ec method=java.util.regex.Pattern$5.isSatisfiedBy(I)Z @ 5
Event: 5.500 Thread 0x00000000047de000 Uncommon trap: reason=unstable_if action=reinterpret pc=0x0000000004d381f4 method=java.util.HashMap.hash(Ljava/lang/Object;)I @ 1
Event: 5.500 Thread 0x00000000047de000 Uncommon trap: reason=unstable_if action=reinterpret pc=0x0000000004ccbba8 method=java.util.HashMap.hash(Ljava/lang/Object;)I @ 1
Event: 5.551 Thread 0x00000000047de000 Uncommon trap: reason=unstable_if action=reinterpret pc=0x00000000051cb8c4 method=org.codehaus.plexus.util.xml.pull.MXParser.nextImpl()I @ 972

Internal exceptions (10 events):
Event: 4.097 Thread 0x00000000047de000 Exception <a 'java/lang/NullPointerException'> (0x00000000eb2d4a20) thrown at [C:\re\workspace\8-2-build-windows-amd64-cygwin\jdk8u60\4407\hotspot\src\share\vm\interpreter\linkResolver.cpp, line 1178]
Event: 4.097 Thread 0x00000000047de000 Exception <a 'java/lang/NullPointerException'> (0x00000000eb2d4e20) thrown at [C:\re\workspace\8-2-build-windows-amd64-cygwin\jdk8u60\4407\hotspot\src\share\vm\interpreter\linkResolver.cpp, line 1178]
Event: 4.097 Thread 0x00000000047de000 Exception <a 'java/lang/NullPointerException'> (0x00000000eb2d5220) thrown at [C:\re\workspace\8-2-build-windows-amd64-cygwin\jdk8u60\4407\hotspot\src\share\vm\interpreter\linkResolver.cpp, line 1178]
Event: 4.106 Thread 0x00000000047de000 Implicit null exception at 0x000000000507b191 to 0x000000000507b789
Event: 4.155 Thread 0x00000000047de000 Exception <a 'java/lang/NoSuchMethodError': java.lang.Object.lambda$static$0(Lokhttp3/Route;Lokhttp3/Response;)Lokhttp3/Request;> (0x00000000eb4f8240) thrown at [C:\re\workspace\8-2-build-windows-amd64-cygwin\jdk8u60\4407\hotspot\src\share\vm\interpreter\lM²h"Nª@
Event: 4.166 Thread 0x00000000047de000 Exception <a 'java/lang/NoSuchMethodError': java.lang.Object.lambda$static$0(Ljava/lang/String;)Ljava/util/List;> (0x00000000eb530b20) thrown at [C:\re\workspace\8-2-build-windows-amd64-cygwin\jdk8u60\4407\hotspot\src\share\vm\interpreter\linkResolver.cpp,^àD\ Ç@
Event: 4.195 Thread 0x00000000047de000 Exception <a 'java/lang/ClassNotFoundException': org/eclipse/jetty/alpn/ALPN> (0x00000000eb6b4f28) thrown at [C:\re\workspace\8-2-build-windows-amd64-cygwin\jdk8u60\4407\hotspot\src\share\vm\classfile\systemDictionary.cpp, line 210]
Event: 4.495 Thread 0x00000000047de000 Implicit null exception at 0x0000000004eaf05f to 0x0000000004eb154d
Event: 5.500 Thread 0x00000000047de000 Implicit null exception at 0x0000000004d38015 to 0x0000000004d381e5
Event: 5.500 Thread 0x00000000047de000 Implicit null exception at 0x0000000004ccbb2f to 0x0000000004ccbb99

Events (10 events):
Event: 5.524 loading class org/eclipse/aether/util/graph/manager/ClassicDependencyManager$Key done
Event: 5.525 loading class org/eclipse/aether/internal/impl/collect/DataPool$ConstraintKey
Event: 5.525 loading class org/eclipse/aether/internal/impl/collect/DataPool$ConstraintKey done
Event: 5.526 loading class org/eclipse/aether/internal/impl/collect/DataPool$Constraint
Event: 5.526 loading class org/eclipse/aether/internal/impl/collect/DataPool$Constraint done
Event: 5.527 loading class org/eclipse/aether/internal/impl/collect/DataPool$Constraint$VersionRepo
Event: 5.527 loading class org/eclipse/aether/internal/impl/collect/DataPool$Constraint$VersionRepo done
Event: 5.551 Thread 0x00000000047de000 Uncommon trap: trap_request=0xffffff65 fr.pc=0x00000000051cb8c4
Event: 5.551 Thread 0x00000000047de000 DEOPT PACKING pc=0x00000000051cb8c4 sp=0x000000000478cf60
Event: 5.551 Thread 0x00000000047de000 DEOPT UNPACKING pc=0x00000000049b582a sp=0x000000000478cec8 mode 2


Dynamic libraries:
0x00007ff62ec10000 - 0x00007ff62ec47000 	C:\Program Files\Java\jdk1.8.0_60\bin\javaw.exe
0x00007fff815a0000 - 0x00007fff81780000 	C:\WINDOWS\SYSTEM32\ntdll.dll
0x00007fff7eb20000 - 0x00007fff7ebce000 	C:\WINDOWS\System32\KERNEL32.DLL
0x00007fff7e6d0000 - 0x00007fff7e936000 	C:\WINDOWS\System32\KERNELBASE.dll
0x00007fff7f220000 - 0x00007fff7f2c1000 	C:\WINDOWS\System32\ADVAPI32.dll
0x00007fff81190000 - 0x00007fff8122d000 	C:\WINDOWS\System32\msvcrt.dll
0x00007fff80960000 - 0x00007fff809bb000 	C:\WINDOWS\System32\sechost.dll
0x00007fff7f100000 - 0x00007fff7f21f000 	C:\WINDOWS\System32\RPCRT4.dll
0x00007fff813d0000 - 0x00007fff8155f000 	C:\WINDOWS\System32\USER32.dll
0x00007fff7e6b0000 - 0x00007fff7e6d0000 	C:\WINDOWS\System32\win32u.dll
0x00007fff7ec70000 - 0x00007fff7ec98000 	C:\WINDOWS\System32\GDI32.dll
0x00007fff7da40000 - 0x00007fff7dbd3000 	C:\WINDOWS\System32\gdi32full.dll
0x00007fff7d9a0000 - 0x00007fff7da3b000 	C:\WINDOWS\System32\msvcp_win.dll
0x00007fff7e5b0000 - 0x00007fff7e6a6000 	C:\WINDOWS\System32\ucrtbase.dll
0x00007fff6f690000 - 0x00007fff6f8f9000 	C:\WINDOWS\WinSxS\amd64_microsoft.windows.common-controls_6595b64144ccf1df_6.0.16299.492_none_15c8d3609364b9b0\COMCTL32.dll
0x00007fff80b30000 - 0x00007fff80e37000 	C:\WINDOWS\System32\combase.dll
0x00007fff7e9f0000 - 0x00007fff7ea62000 	C:\WINDOWS\System32\bcryptPrimitives.dll
0x00007fff813a0000 - 0x00007fff813cd000 	C:\WINDOWS\System32\IMM32.DLL
0x000000005a990000 - 0x000000005aa62000 	C:\Program Files\Java\jdk1.8.0_60\jre\bin\msvcr100.dll
0x000000005ab60000 - 0x000000005b3e9000 	C:\Program Files\Java\jdk1.8.0_60\jre\bin\server\jvm.dll
0x00007fff7f0f0000 - 0x00007fff7f0f8000 	C:\WINDOWS\System32\PSAPI.DLL
0x00007fff6fdf0000 - 0x00007fff6fdfa000 	C:\WINDOWS\SYSTEM32\VERSION.dll
0x00007fff7a830000 - 0x00007fff7a853000 	C:\WINDOWS\SYSTEM32\WINMM.dll
0x00007fff70210000 - 0x00007fff70219000 	C:\WINDOWS\SYSTEM32\WSOCK32.dll
0x00007fff80890000 - 0x00007fff808fc000 	C:\WINDOWS\System32\WS2_32.dll
0x00007fff7a800000 - 0x00007fff7a82a000 	C:\WINDOWS\SYSTEM32\WINMMBASE.dll
0x00007fff7dbe0000 - 0x00007fff7dc2a000 	C:\WINDOWS\System32\cfgmgr32.dll
0x000000005ab50000 - 0x000000005ab5f000 	C:\Program Files\Java\jdk1.8.0_60\jre\bin\verify.dll
0x000000005ab20000 - 0x000000005ab49000 	C:\Program Files\Java\jdk1.8.0_60\jre\bin\java.dll
0x000000005ab00000 - 0x000000005ab16000 	C:\Program Files\Java\jdk1.8.0_60\jre\bin\zip.dll
0x00007fff7f330000 - 0x00007fff80768000 	C:\WINDOWS\System32\SHELL32.dll
0x00007fff7ea70000 - 0x00007fff7eb16000 	C:\WINDOWS\System32\shcore.dll
0x00007fff7de60000 - 0x00007fff7e5a7000 	C:\WINDOWS\System32\windows.storage.dll
0x00007fff80e40000 - 0x00007fff80e91000 	C:\WINDOWS\System32\shlwapi.dll
0x00007fff7d930000 - 0x00007fff7d941000 	C:\WINDOWS\System32\kernel.appcore.dll
0x00007fff7d950000 - 0x00007fff7d99c000 	C:\WINDOWS\System32\powrprof.dll
0x00007fff7d910000 - 0x00007fff7d92b000 	C:\WINDOWS\System32\profapi.dll
0x00007fff7d2e0000 - 0x00007fff7d2f7000 	C:\WINDOWS\SYSTEM32\CRYPTSP.dll
0x00007fff7cd20000 - 0x00007fff7cd53000 	C:\WINDOWS\system32\rsaenh.dll
0x00007fff7d3f0000 - 0x00007fff7d415000 	C:\WINDOWS\SYSTEM32\bcrypt.dll
0x00007fff7d820000 - 0x00007fff7d849000 	C:\WINDOWS\SYSTEM32\USERENV.dll
0x00007fff7d300000 - 0x00007fff7d30b000 	C:\WINDOWS\SYSTEM32\CRYPTBASE.dll
0x000000005aae0000 - 0x000000005aafa000 	C:\Program Files\Java\jdk1.8.0_60\jre\bin\net.dll
0x00007fff7d120000 - 0x00007fff7d186000 	C:\WINDOWS\system32\mswsock.dll
0x00007fff7ceb0000 - 0x00007fff7cee9000 	C:\WINDOWS\SYSTEM32\IPHLPAPI.DLL
0x00007fff81560000 - 0x00007fff81568000 	C:\WINDOWS\System32\NSI.dll
0x00007fff76fe0000 - 0x00007fff76ff6000 	C:\WINDOWS\SYSTEM32\dhcpcsvc6.DLL
0x00007fff77830000 - 0x00007fff7784a000 	C:\WINDOWS\SYSTEM32\dhcpcsvc.DLL
0x000000005aac0000 - 0x000000005aad1000 	C:\Program Files\Java\jdk1.8.0_60\jre\bin\nio.dll
0x00007fff7a9c0000 - 0x00007fff7a9ca000 	C:\Users\wigner fernades\AppData\Local\Temp\jansi-1.17.1-2246652656722852135.dll
0x000000005aa90000 - 0x000000005aab4000 	C:\Program Files\Java\jdk1.8.0_60\jre\bin\sunec.dll
0x000000005aa80000 - 0x000000005aa8b000 	C:\Program Files\Java\jdk1.8.0_60\jre\bin\sunmscapi.dll
0x00007fff7dc90000 - 0x00007fff7de5e000 	C:\WINDOWS\System32\CRYPT32.dll
0x00007fff7d8f0000 - 0x00007fff7d902000 	C:\WINDOWS\System32\MSASN1.dll
0x00007fff7cef0000 - 0x00007fff7cfa6000 	C:\WINDOWS\SYSTEM32\DNSAPI.dll
0x000000005c030000 - 0x000000005c056000 	C:\Program Files\Bonjour\mdnsNSP.dll
0x00007fff74390000 - 0x00007fff7439a000 	C:\Windows\System32\rasadhlp.dll
0x00007fff754f0000 - 0x00007fff75560000 	C:\WINDOWS\System32\fwpuclnt.dll
0x00007fff68da0000 - 0x00007fff68db6000 	C:\WINDOWS\system32\napinsp.dll
0x00007fff68d80000 - 0x00007fff68d9a000 	C:\WINDOWS\system32\pnrpnsp.dll
0x00007fff7a7e0000 - 0x00007fff7a7f8000 	C:\WINDOWS\system32\NLAapi.dll
0x00007fff68d10000 - 0x00007fff68d1e000 	C:\WINDOWS\System32\winrnr.dll
0x00007fff6da50000 - 0x00007fff6da65000 	C:\WINDOWS\System32\wshbth.dll

VM Arguments:
jvm_args: -Dmaven.home=EMBEDDED -Dclassworlds.conf=C:\Users\wigner fernades\Documents\workspace-sts-3.9.9.RELEASE\.metadata\.plugins\org.eclipse.m2e.launching\launches\m2conf3272858708019839796.tmp -Dmaven.multiModuleProjectDirectory=C:\Users\wigner fernades\Documents\workspace-sts-3.9.9.RELEASE\MeuPrimeiroProjeto -Djansi.force=true -Djansi.passthrough=true -Dfile.encoding=Cp1252 
java_command: org.codehaus.plexus.classworlds.launcher.Launcher -Ppom.xml -B clean -Dstyle.color=always
java_class_path (initial): C:\Users\wigner fernades\Documents\sts-bundle\sts-3.9.9.RELEASE\plugins\org.eclipse.m2e.maven.runtime_1.12.0.20190529-1915\jars\plexus-classworlds-2.6.0.jar
Launcher Type: SUN_STANDARD

Environment Variables:
JAVA_HOME=C:\Program Files\Java\jdk1.8.0_221
PATH=C:/Program Files/Java/jdk1.8.0_60/jre/bin/server;C:/Program Files/Java/jdk1.8.0_60/jre/bin;C:/Program Files/Java/jdk1.8.0_60/jre/lib/amd64;C:\Program Files (x86)\Common Files\Oracle\Java\javapath;C:\ProgramData\Oracle\Java\javapath;C:\Program Files (x86)\Intel\iCLS Client\;C:\Program Files\Intel\iCLS Client\;C:\WINDOWS\system32;C:\WINDOWS;C:\WINDOWS\System32\Wbem;C:\WINDOWS\System32\WindowsPowerShell\v1.0\;C:\Program Files\Intel\Intel(R) Management Engine Components\DAL;C:\Program Files\Intel\Intel(R) Management Engine Components\IPT;C:\Program Files (x86)\Intel\Intel(R) Management Engine Components\DAL;C:\Program Files (x86)\Intel\Intel(R) Management Engine Components\IPT;C:\Program Files\Samsung\AllShare Framework DMS\1.3.23\;C:\Program Files\Samsung\AllShare Framework DMS\1.3.23\64bit\;C:\Program Files\Intel\WiFi\bin\;C:\Program Files\Common Files\Intel\WirelessCommon\;C:\Program Files\Microsoft SQL Server\Client SDK\ODBC\110\Tools\Binn\;C:\Program Files (x86)\Microsoft SQL Server\120\Tools\Binn\ManagementStudio\;C:\Program Files (x86)\Microsoft SQL Server\120\Tools\Binn\;C:\Program Files\Microsoft SQL Server\120\Tools\Binn\;C:\Program Files (x86)\Microsoft SQL Server\120\DTS\Binn\;C:\Program Files\Microsoft SQL Server\120\DTS\Binn\;C:\Maven3.3.9\apache-maven-3.3.9-bin\apache-maven-3.3.9\bin;C:\Program Files\Java\jdk1.7.0_79\bin;C:\Program Files\Java\jdk1.8.0_221bin;C:\Program Files\MySQL\MySQL Shell 8.0\bin\;C:\Users\wigner fernades\Documents\sts-bundle\sts-3.9.9.RELEASE;
USERNAME=wigner
OS=Windows_NT
PROCESSOR_IDENTIFIER=Intel64 Family 6 Model 69 Stepping 1, GenuineIntel



---------------  S Y S T E M  ---------------

OS: Windows 10.0 , 64 bit Build 16299 (10.0.16299.431)

CPU:total 4 (2 cores per cpu, 2 threads per core) family 6 model 69 stepping 1, cmov, cx8, fxsr, mmx, sse, sse2, sse3, ssse3, sse4.1, sse4.2, popcnt, avx, avx2, aes, clmul, erms, lzcnt, ht, tsc, tscinvbit, bmi1, bmi2

Memory: 4k page, physical 4107052k(472888k free), swap 8400696k(5180k free)

vm_info: Java HotSpot(TM) 64-Bit Server VM (25.60-b23) for windows-amd64 JRE (1.8.0_60-b27), built on Aug  4 2015 11:06:27 by "java_re" with MS VC++ 10.0 (VS2010)

time: Thu Aug 08 15:37:57 2019
elapsed time: 5 seconds (0d 0h 0m 5s)

