#
# There is insufficient memory for the Java Runtime Environment to continue.
# Native memory allocation (malloc) failed to allocate 226928 bytes for Chunk::new
# Possible reasons:
#   The system is out of physical RAM or swap space
#   The process is running with CompressedOops enabled, and the Java Heap may be blocking the growth of the native heap
# Possible solutions:
#   Reduce memory load on the system
#   Increase physical memory or swap space
#   Check if swap backing store is full
#   Decrease Java heap size (-Xmx/-Xms)
#   Decrease number of Java threads
#   Decrease Java thread stack sizes (-Xss)
#   Set larger code cache with -XX:ReservedCodeCacheSize=
#   JVM is running with Unscaled Compressed Oops mode in which the Java heap is
#     placed in the first 4GB address space. The Java Heap base address is the
#     maximum limit for the native heap growth. Please use -XX:HeapBaseMinAddress
#     to set the Java Heap base and to place the Java Heap above 4GB virtual address.
# This output file may be truncated or incomplete.
#
#  Out of Memory Error (allocation.cpp:389), pid=8972, tid=0x0000000000003510
#
# JRE version: Java(TM) SE Runtime Environment (8.0_221-b11) (build 1.8.0_221-b11)
# Java VM: Java HotSpot(TM) 64-Bit Server VM (25.221-b11 mixed mode windows-amd64 compressed oops)
# Failed to write core dump. Minidumps are not enabled by default on client versions of Windows
#

---------------  T H R E A D  ---------------

Current thread (0x0000000016df5800):  JavaThread "C2 CompilerThread1" daemon [_thread_in_native, id=13584, stack(0x0000000018640000,0x0000000018740000)]

Stack: [0x0000000018640000,0x0000000018740000]
[error occurred during error reporting (printing stack bounds), id 0xc0000005]

Native frames: (J=compiled Java code, j=interpreted, Vv=VM code, C=native code)


Current CompileTask:
C2:  11071 1482       4       org.codehaus.plexus.util.xml.pull.MXParser::parseStartTag (1195 bytes)


---------------  P R O C E S S  ---------------

Java Threads: ( => current thread )
  0x0000000016e46800 JavaThread "Service Thread" daemon [_thread_blocked, id=10012, stack(0x0000000018840000,0x0000000018940000)]
  0x0000000016df9000 JavaThread "C1 CompilerThread2" daemon [_thread_in_native, id=12320, stack(0x0000000018740000,0x0000000018840000)]
=>0x0000000016df5800 JavaThread "C2 CompilerThread1" daemon [_thread_in_native, id=13584, stack(0x0000000018640000,0x0000000018740000)]
  0x0000000016df1800 JavaThread "C2 CompilerThread0" daemon [_thread_in_native, id=5028, stack(0x0000000018540000,0x0000000018640000)]
  0x0000000016def800 JavaThread "Attach Listener" daemon [_thread_blocked, id=6272, stack(0x0000000018440000,0x0000000018540000)]
  0x0000000016dee000 JavaThread "Signal Dispatcher" daemon [_thread_blocked, id=1876, stack(0x0000000018340000,0x0000000018440000)]
  0x000000000474c000 JavaThread "Finalizer" daemon [_thread_blocked, id=11792, stack(0x0000000018040000,0x0000000018140000)]
  0x0000000004743000 JavaThread "Reference Handler" daemon [_thread_blocked, id=13152, stack(0x0000000017f40000,0x0000000018040000)]
  0x0000000004652800 JavaThread "main" [_thread_in_Java, id=10540, stack(0x0000000002d60000,0x0000000002e60000)]

Other Threads:
  0x0000000016db7800 VMThread [stack: 0x0000000017e40000,0x0000000017f40000] [id=8804]
  0x0000000016e4d000 WatcherThread [stack: 0x0000000018d40000,0x0000000018e40000] [id=14864]

VM state:not at safepoint (normal execution)

VM Mutex/Monitor currently owned by a thread: None

heap address: 0x00000000c1400000, size: 1004 MB, Compressed Oops mode: 32-bit
Narrow klass base: 0x0000000000000000, Narrow klass shift: 3
Compressed class space size: 1073741824 Address: 0x0000000100000000

Heap:
 PSYoungGen      total 35328K, used 13737K [0x00000000eb180000, 0x00000000ed680000, 0x0000000100000000)
  eden space 32768K, 34% used [0x00000000eb180000,0x00000000ebc72538,0x00000000ed180000)
  from space 2560K, 98% used [0x00000000ed400000,0x00000000ed678040,0x00000000ed680000)
  to   space 2560K, 0% used [0x00000000ed180000,0x00000000ed180000,0x00000000ed400000)
 ParOldGen       total 44032K, used 6263K [0x00000000c1400000, 0x00000000c3f00000, 0x00000000eb180000)
  object space 44032K, 14% used [0x00000000c1400000,0x00000000c1a1de58,0x00000000c3f00000)
 Metaspace       used 14157K, capacity 14422K, committed 14720K, reserved 1062912K
  class space    used 1777K, capacity 1875K, committed 1920K, reserved 1048576K

Card table byte_map: [0x0000000013ba0000,0x0000000013da0000] byte_map_base: 0x0000000013596000

Marking Bits: (ParMarkBitMap*) 0x000000005a905ce0
 Begin Bits: [0x00000000142f0000, 0x00000000152a0000)
 End Bits:   [0x00000000152a0000, 0x0000000016250000)

Polling page: 0x0000000002850000

CodeCache: size=245760Kb used=5126Kb max_used=5126Kb free=240633Kb
 bounds [0x00000000047e0000, 0x0000000004cf0000, 0x00000000137e0000]
 total_blobs=1861 nmethods=1523 adapters=250
 compilation: enabled

Compilation events (10 events):
Event: 11.060 Thread 0x0000000016df9000 nmethod 1529 0x0000000004cdcbd0 code [0x0000000004cdcd20, 0x0000000004cdce10]
Event: 11.060 Thread 0x0000000016df9000 1530       3       java.util.LinkedList$Node::<init> (20 bytes)
Event: 11.060 Thread 0x0000000016df9000 nmethod 1530 0x0000000004cdce90 code [0x0000000004cdcfe0, 0x0000000004cdd1d0]
Event: 11.060 Thread 0x0000000016df9000 1533       3       java.lang.reflect.Field::getFieldAccessor (35 bytes)
Event: 11.060 Thread 0x0000000016df9000 nmethod 1533 0x0000000004cdd650 code [0x0000000004cdd7c0, 0x0000000004cdda08]
Event: 11.060 Thread 0x0000000016df9000 1534       3       sun.reflect.UnsafeFieldAccessorImpl::ensureObj (23 bytes)
Event: 11.061 Thread 0x0000000016df9000 nmethod 1534 0x0000000004cdda90 code [0x0000000004cddc60, 0x0000000004cde5b8]
Event: 11.061 Thread 0x0000000016df9000 1536       3       org.apache.maven.model.interpolation.StringSearchModelInterpolator$InterpolateObjectAction::access$300 (6 bytes)
Event: 11.061 Thread 0x0000000016df9000 nmethod 1536 0x0000000004cdec90 code [0x0000000004cdee00, 0x0000000004cdf068]
Event: 11.061 Thread 0x0000000016df9000 1541   !   3       org.apache.maven.model.interpolation.AbstractStringBasedModelInterpolator::interpolateInternal (372 bytes)

GC Heap History (8 events):
Event: 9.070 GC heap before
{Heap before GC invocations=1 (full 0):
 PSYoungGen      total 18944K, used 16384K [0x00000000eb180000, 0x00000000ec680000, 0x0000000100000000)
  eden space 16384K, 100% used [0x00000000eb180000,0x00000000ec180000,0x00000000ec180000)
  from space 2560K, 0% used [0x00000000ec400000,0x00000000ec400000,0x00000000ec680000)
  to   space 2560K, 0% used [0x00000000ec180000,0x00000000ec180000,0x00000000ec400000)
 ParOldGen       total 44032K, used 0K [0x00000000c1400000, 0x00000000c3f00000, 0x00000000eb180000)
  object space 44032K, 0% used [0x00000000c1400000,0x00000000c1400000,0x00000000c3f00000)
 Metaspace       used 7216K, capacity 7432K, committed 7680K, reserved 1056768K
  class space    used 880K, capacity 924K, committed 1024K, reserved 1048576K
Event: 9.076 GC heap after
Heap after GC invocations=1 (full 0):
 PSYoungGen      total 18944K, used 2559K [0x00000000eb180000, 0x00000000ec680000, 0x0000000100000000)
  eden space 16384K, 0% used [0x00000000eb180000,0x00000000eb180000,0x00000000ec180000)
  from space 2560K, 99% used [0x00000000ec180000,0x00000000ec3ffe28,0x00000000ec400000)
  to   space 2560K, 0% used [0x00000000ec400000,0x00000000ec400000,0x00000000ec680000)
 ParOldGen       total 44032K, used 1136K [0x00000000c1400000, 0x00000000c3f00000, 0x00000000eb180000)
  object space 44032K, 2% used [0x00000000c1400000,0x00000000c151c1e0,0x00000000c3f00000)
 Metaspace       used 7216K, capacity 7432K, committed 7680K, reserved 1056768K
  class space    used 880K, capacity 924K, committed 1024K, reserved 1048576K
}
Event: 9.324 GC heap before
{Heap before GC invocations=2 (full 0):
 PSYoungGen      total 18944K, used 18943K [0x00000000eb180000, 0x00000000ec680000, 0x0000000100000000)
  eden space 16384K, 100% used [0x00000000eb180000,0x00000000ec180000,0x00000000ec180000)
  from space 2560K, 99% used [0x00000000ec180000,0x00000000ec3ffe28,0x00000000ec400000)
  to   space 2560K, 0% used [0x00000000ec400000,0x00000000ec400000,0x00000000ec680000)
 ParOldGen       total 44032K, used 1136K [0x00000000c1400000, 0x00000000c3f00000, 0x00000000eb180000)
  object space 44032K, 2% used [0x00000000c1400000,0x00000000c151c1e0,0x00000000c3f00000)
 Metaspace       used 8041K, capacity 8232K, committed 8320K, reserved 1056768K
  class space    used 1008K, capacity 1084K, committed 1152K, reserved 1048576K
Event: 9.329 GC heap after
Heap after GC invocations=2 (full 0):
 PSYoungGen      total 18944K, used 2538K [0x00000000eb180000, 0x00000000ec680000, 0x0000000100000000)
  eden space 16384K, 0% used [0x00000000eb180000,0x00000000eb180000,0x00000000ec180000)
  from space 2560K, 99% used [0x00000000ec400000,0x00000000ec67abd8,0x00000000ec680000)
  to   space 2560K, 0% used [0x00000000ec180000,0x00000000ec180000,0x00000000ec400000)
 ParOldGen       total 44032K, used 1401K [0x00000000c1400000, 0x00000000c3f00000, 0x00000000eb180000)
  object space 44032K, 3% used [0x00000000c1400000,0x00000000c155e4a0,0x00000000c3f00000)
 Metaspace       used 8041K, capacity 8232K, committed 8320K, reserved 1056768K
  class space    used 1008K, capacity 1084K, committed 1152K, reserved 1048576K
}
Event: 9.588 GC heap before
{Heap before GC invocations=3 (full 0):
 PSYoungGen      total 18944K, used 18922K [0x00000000eb180000, 0x00000000ec680000, 0x0000000100000000)
  eden space 16384K, 100% used [0x00000000eb180000,0x00000000ec180000,0x00000000ec180000)
  from space 2560K, 99% used [0x00000000ec400000,0x00000000ec67abd8,0x00000000ec680000)
  to   space 2560K, 0% used [0x00000000ec180000,0x00000000ec180000,0x00000000ec400000)
 ParOldGen       total 44032K, used 1401K [0x00000000c1400000, 0x00000000c3f00000, 0x00000000eb180000)
  object space 44032K, 3% used [0x00000000c1400000,0x00000000c155e4a0,0x00000000c3f00000)
 Metaspace       used 10194K, capacity 10474K, committed 10624K, reserved 1058816K
  class space    used 1282K, capacity 1383K, committed 1408K, reserved 1048576K
Event: 9.594 GC heap after
Heap after GC invocations=3 (full 0):
 PSYoungGen      total 18944K, used 2528K [0x00000000eb180000, 0x00000000ed680000, 0x0000000100000000)
  eden space 16384K, 0% used [0x00000000eb180000,0x00000000eb180000,0x00000000ec180000)
  from space 2560K, 98% used [0x00000000ec180000,0x00000000ec3f8020,0x00000000ec400000)
  to   space 2560K, 0% used [0x00000000ed400000,0x00000000ed400000,0x00000000ed680000)
 ParOldGen       total 44032K, used 3480K [0x00000000c1400000, 0x00000000c3f00000, 0x00000000eb180000)
  object space 44032K, 7% used [0x00000000c1400000,0x00000000c1766208,0x00000000c3f00000)
 Metaspace       used 10194K, capacity 10474K, committed 10624K, reserved 1058816K
  class space    used 1282K, capacity 1383K, committed 1408K, reserved 1048576K
}
Event: 9.983 GC heap before
{Heap before GC invocations=4 (full 0):
 PSYoungGen      total 18944K, used 18912K [0x00000000eb180000, 0x00000000ed680000, 0x0000000100000000)
  eden space 16384K, 100% used [0x00000000eb180000,0x00000000ec180000,0x00000000ec180000)
  from space 2560K, 98% used [0x00000000ec180000,0x00000000ec3f8020,0x00000000ec400000)
  to   space 2560K, 0% used [0x00000000ed400000,0x00000000ed400000,0x00000000ed680000)
 ParOldGen       total 44032K, used 3480K [0x00000000c1400000, 0x00000000c3f00000, 0x00000000eb180000)
  object space 44032K, 7% used [0x00000000c1400000,0x00000000c1766208,0x00000000c3f00000)
 Metaspace       used 12327K, capacity 12480K, committed 12672K, reserved 1060864K
  class space    used 1581K, capacity 1642K, committed 1664K, reserved 1048576K
Event: 9.995 GC heap after
Heap after GC invocations=4 (full 0):
 PSYoungGen      total 35328K, used 2528K [0x00000000eb180000, 0x00000000ed680000, 0x0000000100000000)
  eden space 32768K, 0% used [0x00000000eb180000,0x00000000eb180000,0x00000000ed180000)
  from space 2560K, 98% used [0x00000000ed400000,0x00000000ed678040,0x00000000ed680000)
  to   space 2560K, 0% used [0x00000000ed180000,0x00000000ed180000,0x00000000ed400000)
 ParOldGen       total 44032K, used 6263K [0x00000000c1400000, 0x00000000c3f00000, 0x00000000eb180000)
  object space 44032K, 14% used [0x00000000c1400000,0x00000000c1a1de58,0x00000000c3f00000)
 Metaspace       used 12327K, capacity 12480K, committed 12672K, reserved 1060864K
  class space    used 1581K, capacity 1642K, committed 1664K, reserved 1048576K
}

Deoptimization events (6 events):
Event: 9.099 Thread 0x0000000004652800 Uncommon trap: reason=range_check action=make_not_entrant pc=0x0000000004a175a0 method=sun.reflect.generics.parser.SignatureParser.current()C @ 34
Event: 9.106 Thread 0x0000000004652800 Uncommon trap: reason=unstable_if action=reinterpret pc=0x0000000004982824 method=org.codehaus.plexus.util.xml.pull.MXParser.more()C @ 8
Event: 9.917 Thread 0x0000000004652800 Uncommon trap: reason=unstable_if action=reinterpret pc=0x0000000004b23974 method=java.util.concurrent.ConcurrentHashMap.putVal(Ljava/lang/Object;Ljava/lang/Object;Z)Ljava/lang/Object; @ 206
Event: 10.017 Thread 0x0000000004652800 Uncommon trap: reason=unstable_if action=reinterpret pc=0x0000000004bed758 method=java.lang.reflect.Modifier.isSynthetic(I)Z @ 5
Event: 10.780 Thread 0x0000000004652800 Uncommon trap: reason=unstable_if action=reinterpret pc=0x0000000004903fc8 method=java.net.URI.match(CJJ)Z @ 19
Event: 10.985 Thread 0x0000000004652800 Uncommon trap: reason=unstable_if action=reinterpret pc=0x0000000004989e14 method=java.lang.String.replace(CC)Ljava/lang/String; @ 2

Classes redefined (0 events):
No events

Internal exceptions (10 events):
Event: 9.253 Thread 0x0000000004652800 Exception <a 'java/lang/ArrayIndexOutOfBoundsException': 131> (0x00000000ebe4a8d8) thrown at [C:\re\workspace\8-2-build-windows-amd64-cygwin\jdk8u221\13320\hotspot\src\share\vm\interpreter\interpreterRuntime.cpp, line 368]
Event: 9.940 Thread 0x0000000004652800 Exception <a 'java/lang/NoClassDefFoundError': com/google/inject/servlet/ServletModuleTargetVisitor> (0x00000000ec06e610) thrown at [C:\re\workspace\8-2-build-windows-amd64-cygwin\jdk8u221\13320\hotspot\src\share\vm\classfile\systemDictionary.cpp, line 19
Event: 9.940 Thread 0x0000000004652800 Exception <a 'java/lang/NoClassDefFoundError'> (0x00000000ec06e610) thrown at [C:\re\workspace\8-2-build-windows-amd64-cygwin\jdk8u221\13320\hotspot\src\share\vm\prims\jvm.cpp, line 1506]
Event: 9.940 Thread 0x0000000004652800 Exception <a 'java/lang/NoClassDefFoundError': javax/annotation/Priority> (0x00000000ec072f58) thrown at [C:\re\workspace\8-2-build-windows-amd64-cygwin\jdk8u221\13320\hotspot\src\share\vm\classfile\systemDictionary.cpp, line 199]
Event: 10.798 Thread 0x0000000004652800 Exception <a 'java/lang/NullPointerException'> (0x00000000eb676b68) thrown at [C:\re\workspace\8-2-build-windows-amd64-cygwin\jdk8u221\13320\hotspot\src\share\vm\interpreter\linkResolver.cpp, line 1185]
Event: 10.798 Thread 0x0000000004652800 Exception <a 'java/lang/NullPointerException'> (0x00000000eb676d80) thrown at [C:\re\workspace\8-2-build-windows-amd64-cygwin\jdk8u221\13320\hotspot\src\share\vm\interpreter\linkResolver.cpp, line 1185]
Event: 10.798 Thread 0x0000000004652800 Exception <a 'java/lang/NullPointerException'> (0x00000000eb676f98) thrown at [C:\re\workspace\8-2-build-windows-amd64-cygwin\jdk8u221\13320\hotspot\src\share\vm\interpreter\linkResolver.cpp, line 1185]
Event: 10.799 Thread 0x0000000004652800 Exception <a 'java/lang/NullPointerException'> (0x00000000eb686fd8) thrown at [C:\re\workspace\8-2-build-windows-amd64-cygwin\jdk8u221\13320\hotspot\src\share\vm\interpreter\linkResolver.cpp, line 1185]
Event: 10.799 Thread 0x0000000004652800 Exception <a 'java/lang/NullPointerException'> (0x00000000eb6871f0) thrown at [C:\re\workspace\8-2-build-windows-amd64-cygwin\jdk8u221\13320\hotspot\src\share\vm\interpreter\linkResolver.cpp, line 1185]
Event: 10.799 Thread 0x0000000004652800 Exception <a 'java/lang/NullPointerException'> (0x00000000eb687408) thrown at [C:\re\workspace\8-2-build-windows-amd64-cygwin\jdk8u221\13320\hotspot\src\share\vm\interpreter\linkResolver.cpp, line 1185]

Events (10 events):
Event: 11.050 loading class org/codehaus/plexus/interpolation/reflection/ClassMap$CacheMiss
Event: 11.050 loading class org/codehaus/plexus/interpolation/reflection/ClassMap$CacheMiss done
Event: 11.050 loading class org/codehaus/plexus/interpolation/reflection/MethodMap
Event: 11.050 loading class org/codehaus/plexus/interpolation/reflection/MethodMap done
Event: 11.052 loading class org/apache/maven/model/MailingList
Event: 11.052 loading class org/apache/maven/model/MailingList done
Event: 11.055 loading class org/codehaus/plexus/interpolation/util/StringUtils
Event: 11.055 loading class org/codehaus/plexus/interpolation/util/StringUtils done
Event: 11.056 loading class org/apache/maven/model/Extension
Event: 11.056 loading class org/apache/maven/model/Extension done


Dynamic libraries:
0x00007ff706ee0000 - 0x00007ff706f17000 	C:\Program Files\Java\jdk1.8.0_221\bin\java.exe
0x00007fff815a0000 - 0x00007fff81780000 	C:\WINDOWS\SYSTEM32\ntdll.dll
0x00007fff7eb20000 - 0x00007fff7ebce000 	C:\WINDOWS\System32\KERNEL32.DLL
0x00007fff7e6d0000 - 0x00007fff7e936000 	C:\WINDOWS\System32\KERNELBASE.dll
0x00007fff7f220000 - 0x00007fff7f2c1000 	C:\WINDOWS\System32\ADVAPI32.dll
0x00007fff81190000 - 0x00007fff8122d000 	C:\WINDOWS\System32\msvcrt.dll
0x00007fff80960000 - 0x00007fff809bb000 	C:\WINDOWS\System32\sechost.dll
0x00007fff7f100000 - 0x00007fff7f21f000 	C:\WINDOWS\System32\RPCRT4.dll
0x00007fff813d0000 - 0x00007fff8155f000 	C:\WINDOWS\System32\USER32.dll
0x00007fff7e6b0000 - 0x00007fff7e6d0000 	C:\WINDOWS\System32\win32u.dll
0x00007fff7ec70000 - 0x00007fff7ec98000 	C:\WINDOWS\System32\GDI32.dll
0x00007fff7da40000 - 0x00007fff7dbd3000 	C:\WINDOWS\System32\gdi32full.dll
0x00007fff7d9a0000 - 0x00007fff7da3b000 	C:\WINDOWS\System32\msvcp_win.dll
0x00007fff7e5b0000 - 0x00007fff7e6a6000 	C:\WINDOWS\System32\ucrtbase.dll
0x00007fff6f690000 - 0x00007fff6f8f9000 	C:\WINDOWS\WinSxS\amd64_microsoft.windows.common-controls_6595b64144ccf1df_6.0.16299.492_none_15c8d3609364b9b0\COMCTL32.dll
0x00007fff80b30000 - 0x00007fff80e37000 	C:\WINDOWS\System32\combase.dll
0x00007fff7e9f0000 - 0x00007fff7ea62000 	C:\WINDOWS\System32\bcryptPrimitives.dll
0x00007fff813a0000 - 0x00007fff813cd000 	C:\WINDOWS\System32\IMM32.DLL
0x000000005a990000 - 0x000000005aa62000 	C:\Program Files\Java\jdk1.8.0_221\jre\bin\msvcr100.dll
0x000000005a0e0000 - 0x000000005a985000 	C:\Program Files\Java\jdk1.8.0_221\jre\bin\server\jvm.dll
0x00007fff7f0f0000 - 0x00007fff7f0f8000 	C:\WINDOWS\System32\PSAPI.DLL
0x00007fff70210000 - 0x00007fff70219000 	C:\WINDOWS\SYSTEM32\WSOCK32.dll
0x00007fff7a830000 - 0x00007fff7a853000 	C:\WINDOWS\SYSTEM32\WINMM.dll
0x00007fff6fdf0000 - 0x00007fff6fdfa000 	C:\WINDOWS\SYSTEM32\VERSION.dll
0x00007fff80890000 - 0x00007fff808fc000 	C:\WINDOWS\System32\WS2_32.dll
0x00007fff7a800000 - 0x00007fff7a82a000 	C:\WINDOWS\SYSTEM32\WINMMBASE.dll
0x00007fff7dbe0000 - 0x00007fff7dc2a000 	C:\WINDOWS\System32\cfgmgr32.dll
0x00007fff7a890000 - 0x00007fff7a89f000 	C:\Program Files\Java\jdk1.8.0_221\jre\bin\verify.dll
0x00007fff6d7a0000 - 0x00007fff6d7c9000 	C:\Program Files\Java\jdk1.8.0_221\jre\bin\java.dll
0x00007fff72e20000 - 0x00007fff72e36000 	C:\Program Files\Java\jdk1.8.0_221\jre\bin\zip.dll
0x00007fff7f330000 - 0x00007fff80768000 	C:\WINDOWS\System32\SHELL32.dll
0x00007fff7ea70000 - 0x00007fff7eb16000 	C:\WINDOWS\System32\shcore.dll
0x00007fff7de60000 - 0x00007fff7e5a7000 	C:\WINDOWS\System32\windows.storage.dll
0x00007fff80e40000 - 0x00007fff80e91000 	C:\WINDOWS\System32\shlwapi.dll
0x00007fff7d930000 - 0x00007fff7d941000 	C:\WINDOWS\System32\kernel.appcore.dll
0x00007fff7d950000 - 0x00007fff7d99c000 	C:\WINDOWS\System32\powrprof.dll
0x00007fff7d910000 - 0x00007fff7d92b000 	C:\WINDOWS\System32\profapi.dll
0x00007fff6e690000 - 0x00007fff6e6aa000 	C:\Program Files\Java\jdk1.8.0_221\jre\bin\net.dll
0x00007fff6e050000 - 0x00007fff6e21a000 	C:\WINDOWS\SYSTEM32\urlmon.dll
0x00007fff81230000 - 0x00007fff8124d000 	C:\WINDOWS\System32\imagehlp.dll
0x00007fff704a0000 - 0x00007fff70739000 	C:\WINDOWS\SYSTEM32\iertutil.dll
0x00007fff7d300000 - 0x00007fff7d30b000 	C:\WINDOWS\SYSTEM32\CRYPTBASE.DLL
0x00007fff7d120000 - 0x00007fff7d186000 	C:\WINDOWS\system32\mswsock.dll
0x00007fff6d710000 - 0x00007fff6d722000 	C:\Program Files\Java\jdk1.8.0_221\jre\bin\nio.dll

VM Arguments:
jvm_args: -Dclassworlds.conf=C:/Maven3.3.9/apache-maven-3.3.9-bin/apache-maven-3.3.9/bin/m2.conf -Dmaven.home=C:/Maven3.3.9/apache-maven-3.3.9-bin/apache-maven-3.3.9 -Dmaven.multiModuleProjectDirectory=C:/Users/wigner fernades/Documents/workspace-sts-3.9.9.RELEASE/MeuPrimeiroProjeto 
java_command: org.codehaus.plexus.classworlds.launcher.Launcher eclipse:eclise
java_class_path (initial): C:/Maven3.3.9/apache-maven-3.3.9-bin/apache-maven-3.3.9/boot/plexus-classworlds-2.5.2.jar
Launcher Type: SUN_STANDARD

Environment Variables:
JAVA_HOME=C:/Program Files/Java/jdk1.8.0_221
PATH=C:\Users\wigner fernades\bin;C:\Program Files\Git\mingw64\bin;C:\Program Files\Git\usr\local\bin;C:\Program Files\Git\usr\bin;C:\Program Files\Git\usr\bin;C:\Program Files\Git\mingw64\bin;C:\Program Files\Git\usr\bin;C:\Users\wigner fernades\bin;C:\Program Files (x86)\Common Files\Oracle\Java\javapath;C:\ProgramData\Oracle\Java\javapath;C:\Program Files (x86)\Intel\iCLS Client;C:\Program Files\Intel\iCLS Client;C:\WINDOWS\system32;C:\WINDOWS;C:\WINDOWS\System32\Wbem;C:\WINDOWS\System32\WindowsPowerShell\v1.0;C:\Program Files\Intel\Intel(R) Management Engine Components\DAL;C:\Program Files\Intel\Intel(R) Management Engine Components\IPT;C:\Program Files (x86)\Intel\Intel(R) Management Engine Components\DAL;C:\Program Files (x86)\Intel\Intel(R) Management Engine Components\IPT;C:\Program Files\Samsung\AllShare Framework DMS\1.3.23;C:\Program Files\Samsung\AllShare Framework DMS\1.3.23\64bit;C:\Program Files\Intel\WiFi\bin;C:\Program Files\Common Files\Intel\WirelessCommon;C:\Program Files\Microsoft SQL Server\Client SDK\ODBC\110\Tools\Binn;C:\Program Files (x86)\Microsoft SQL Server\120\Tools\Binn\ManagementStudio;C:\Program Files (x86)\Microsoft SQL Server\120\Tools\Binn;C:\Program Files\Microsoft SQL Server\120\Tools\Binn;C:\Program Files (x86)\Microsoft SQL Server\120\DTS\Binn;C:\Program Files\Microsoft SQL Server\120\DTS\Binn;C:\Maven3.3.9\apache-maven-3.3.9-bin\apache-maven-3.3.9\bin;C:\Program Files\Java\jdk1.7.0_79\bin;C:\Program Files\Java\jdk1.8.0_221bin;C:\Program Files\MySQL\MySQL Shell 8.0\bin;C:\Program Files\Git\usr\bin\vendor_perl;C:\Program Files\Git\usr\bin\core_perl
USERNAME=wigner
SHELL=C:\Program Files\Git\usr\bin\bash
DISPLAY=needs-to-be-defined
OS=Windows_NT
PROCESSOR_IDENTIFIER=Intel64 Family 6 Model 69 Stepping 1, GenuineIntel



---------------  S Y S T E M  ---------------

OS: Windows 10.0 , 64 bit Build 16299 (10.0.16299.431)

CPU:total 4 (initial active 4) (2 cores per cpu, 2 threads per core) family 6 model 69 stepping 1, cmov, cx8, fxsr, mmx, sse, sse2, sse3, ssse3, sse4.1, sse4.2, popcnt, avx, avx2, aes, clmul, erms, lzcnt, ht, tsc, tscinvbit, bmi1, bmi2

Memory: 4k page, physical 4107052k(758412k free), swap 8400696k(5340k free)

vm_info: Java HotSpot(TM) 64-Bit Server VM (25.221-b11) for windows-amd64 JRE (1.8.0_221-b11), built on Jul  4 2019 04:39:29 by "java_re" with MS VC++ 10.0 (VS2010)

time: Thu Aug 08 15:45:11 2019
timezone: Hora oficial do Brasil
elapsed time: 11 seconds (0d 0h 0m 11s)

